

================================================================
== Vitis HLS Report for 'relu_ap_fixed_16_6_5_3_0_ap_fixed_16_6_5_3_0_relu_config7_s'
================================================================
* Date:           Fri Mar 27 01:14:54 2026

* Version:        2025.2 (Build 6295257 on Nov 14 2025)
* Project:        myproject
* Solution:       hls (Vivado IP Flow Target)
* Product family: virtexuplus
* Target device:  xcvu19p-fsva3824-2-e


================================================================
== Performance Estimates
================================================================
+ Timing: 
    * Summary: 
    +--------+----------+----------+------------+
    |  Clock |  Target  | Estimated| Uncertainty|
    +--------+----------+----------+------------+
    |ap_clk  |  10.00 ns|  2.424 ns|     2.70 ns|
    +--------+----------+----------+------------+

+ Latency: 
    * Summary: 
    +---------+---------+----------+----------+-----+-----+---------+
    |  Latency (cycles) |  Latency (absolute) |  Interval | Pipeline|
    |   min   |   max   |    min   |    max   | min | max |   Type  |
    +---------+---------+----------+----------+-----+-----+---------+
    |        0|        0|      0 ns|      0 ns|    1|    1|      yes|
    +---------+---------+----------+----------+-----+-----+---------+

    + Detail: 
        * Instance: 
        N/A

        * Loop: 
        N/A



================================================================
== Utilization Estimates
================================================================
* Summary: 
+---------------------+---------+------+---------+---------+-----+
|         Name        | BRAM_18K|  DSP |    FF   |   LUT   | URAM|
+---------------------+---------+------+---------+---------+-----+
|DSP                  |        -|     -|        -|        -|    -|
|Expression           |        -|     -|        0|     4866|    -|
|FIFO                 |        -|     -|        -|        -|    -|
|Instance             |        -|     -|        -|        -|    -|
|Memory               |        -|     -|        -|        -|    -|
|Multiplexer          |        -|     -|        0|     1161|    -|
|Register             |        -|     -|     1922|        -|    -|
+---------------------+---------+------+---------+---------+-----+
|Total                |        0|     0|     1922|     6027|    0|
+---------------------+---------+------+---------+---------+-----+
|Available SLR        |     1080|   960|  2042880|  1021440|   80|
+---------------------+---------+------+---------+---------+-----+
|Utilization SLR (%)  |        0|     0|       ~0|       ~0|    0|
+---------------------+---------+------+---------+---------+-----+
|Available            |     4320|  3840|  8171520|  4085760|  320|
+---------------------+---------+------+---------+---------+-----+
|Utilization (%)      |        0|     0|       ~0|       ~0|    0|
+---------------------+---------+------+---------+---------+-----+

+ Detail: 
    * Instance: 
    N/A

    * DSP: 
    N/A

    * Memory: 
    N/A

    * FIFO: 
    N/A

    * Expression: 
    +----------------------------+----------+----+---+----+------------+------------+
    |        Variable Name       | Operation| DSP| FF| LUT| Bitwidth P0| Bitwidth P1|
    +----------------------------+----------+----+---+----+------------+------------+
    |icmp_ln45_100_fu_2070_p2    |      icmp|   0|  0|  23|          16|           1|
    |icmp_ln45_101_fu_2084_p2    |      icmp|   0|  0|  23|          16|           1|
    |icmp_ln45_102_fu_2098_p2    |      icmp|   0|  0|  23|          16|           1|
    |icmp_ln45_103_fu_2112_p2    |      icmp|   0|  0|  23|          16|           1|
    |icmp_ln45_104_fu_2126_p2    |      icmp|   0|  0|  23|          16|           1|
    |icmp_ln45_105_fu_2140_p2    |      icmp|   0|  0|  23|          16|           1|
    |icmp_ln45_106_fu_2154_p2    |      icmp|   0|  0|  23|          16|           1|
    |icmp_ln45_107_fu_2168_p2    |      icmp|   0|  0|  23|          16|           1|
    |icmp_ln45_108_fu_2182_p2    |      icmp|   0|  0|  23|          16|           1|
    |icmp_ln45_109_fu_2196_p2    |      icmp|   0|  0|  23|          16|           1|
    |icmp_ln45_110_fu_2210_p2    |      icmp|   0|  0|  23|          16|           1|
    |icmp_ln45_111_fu_2224_p2    |      icmp|   0|  0|  23|          16|           1|
    |icmp_ln45_112_fu_2238_p2    |      icmp|   0|  0|  23|          16|           1|
    |icmp_ln45_113_fu_2252_p2    |      icmp|   0|  0|  23|          16|           1|
    |icmp_ln45_114_fu_2266_p2    |      icmp|   0|  0|  23|          16|           1|
    |icmp_ln45_115_fu_2280_p2    |      icmp|   0|  0|  23|          16|           1|
    |icmp_ln45_116_fu_2294_p2    |      icmp|   0|  0|  23|          16|           1|
    |icmp_ln45_117_fu_2308_p2    |      icmp|   0|  0|  23|          16|           1|
    |icmp_ln45_118_fu_2322_p2    |      icmp|   0|  0|  23|          16|           1|
    |icmp_ln45_119_fu_2336_p2    |      icmp|   0|  0|  23|          16|           1|
    |icmp_ln45_120_fu_2350_p2    |      icmp|   0|  0|  23|          16|           1|
    |icmp_ln45_121_fu_2364_p2    |      icmp|   0|  0|  23|          16|           1|
    |icmp_ln45_122_fu_2378_p2    |      icmp|   0|  0|  23|          16|           1|
    |icmp_ln45_123_fu_2392_p2    |      icmp|   0|  0|  23|          16|           1|
    |icmp_ln45_124_fu_2406_p2    |      icmp|   0|  0|  23|          16|           1|
    |icmp_ln45_125_fu_2420_p2    |      icmp|   0|  0|  23|          16|           1|
    |icmp_ln45_126_fu_2434_p2    |      icmp|   0|  0|  23|          16|           1|
    |icmp_ln45_127_fu_2448_p2    |      icmp|   0|  0|  23|          16|           1|
    |icmp_ln45_128_fu_2462_p2    |      icmp|   0|  0|  23|          16|           1|
    |icmp_ln45_129_fu_2476_p2    |      icmp|   0|  0|  23|          16|           1|
    |icmp_ln45_130_fu_2490_p2    |      icmp|   0|  0|  23|          16|           1|
    |icmp_ln45_131_fu_2504_p2    |      icmp|   0|  0|  23|          16|           1|
    |icmp_ln45_132_fu_2518_p2    |      icmp|   0|  0|  23|          16|           1|
    |icmp_ln45_133_fu_2532_p2    |      icmp|   0|  0|  23|          16|           1|
    |icmp_ln45_134_fu_2546_p2    |      icmp|   0|  0|  23|          16|           1|
    |icmp_ln45_135_fu_2560_p2    |      icmp|   0|  0|  23|          16|           1|
    |icmp_ln45_136_fu_2574_p2    |      icmp|   0|  0|  23|          16|           1|
    |icmp_ln45_137_fu_2588_p2    |      icmp|   0|  0|  23|          16|           1|
    |icmp_ln45_138_fu_2602_p2    |      icmp|   0|  0|  23|          16|           1|
    |icmp_ln45_139_fu_2616_p2    |      icmp|   0|  0|  23|          16|           1|
    |icmp_ln45_140_fu_2630_p2    |      icmp|   0|  0|  23|          16|           1|
    |icmp_ln45_141_fu_2644_p2    |      icmp|   0|  0|  23|          16|           1|
    |icmp_ln45_142_fu_2658_p2    |      icmp|   0|  0|  23|          16|           1|
    |icmp_ln45_143_fu_2672_p2    |      icmp|   0|  0|  23|          16|           1|
    |icmp_ln45_144_fu_2686_p2    |      icmp|   0|  0|  23|          16|           1|
    |icmp_ln45_145_fu_2700_p2    |      icmp|   0|  0|  23|          16|           1|
    |icmp_ln45_146_fu_2714_p2    |      icmp|   0|  0|  23|          16|           1|
    |icmp_ln45_147_fu_2728_p2    |      icmp|   0|  0|  23|          16|           1|
    |icmp_ln45_148_fu_2742_p2    |      icmp|   0|  0|  23|          16|           1|
    |icmp_ln45_149_fu_2756_p2    |      icmp|   0|  0|  23|          16|           1|
    |icmp_ln45_150_fu_2770_p2    |      icmp|   0|  0|  23|          16|           1|
    |icmp_ln45_151_fu_2784_p2    |      icmp|   0|  0|  23|          16|           1|
    |icmp_ln45_152_fu_2798_p2    |      icmp|   0|  0|  23|          16|           1|
    |icmp_ln45_153_fu_2812_p2    |      icmp|   0|  0|  23|          16|           1|
    |icmp_ln45_154_fu_2826_p2    |      icmp|   0|  0|  23|          16|           1|
    |icmp_ln45_155_fu_2840_p2    |      icmp|   0|  0|  23|          16|           1|
    |icmp_ln45_156_fu_2854_p2    |      icmp|   0|  0|  23|          16|           1|
    |icmp_ln45_157_fu_2868_p2    |      icmp|   0|  0|  23|          16|           1|
    |icmp_ln45_158_fu_2882_p2    |      icmp|   0|  0|  23|          16|           1|
    |icmp_ln45_159_fu_2896_p2    |      icmp|   0|  0|  23|          16|           1|
    |icmp_ln45_160_fu_2910_p2    |      icmp|   0|  0|  23|          16|           1|
    |icmp_ln45_161_fu_2924_p2    |      icmp|   0|  0|  23|          16|           1|
    |icmp_ln45_162_fu_2938_p2    |      icmp|   0|  0|  23|          16|           1|
    |icmp_ln45_163_fu_2952_p2    |      icmp|   0|  0|  23|          16|           1|
    |icmp_ln45_164_fu_2966_p2    |      icmp|   0|  0|  23|          16|           1|
    |icmp_ln45_165_fu_2980_p2    |      icmp|   0|  0|  23|          16|           1|
    |icmp_ln45_166_fu_2994_p2    |      icmp|   0|  0|  23|          16|           1|
    |icmp_ln45_167_fu_3008_p2    |      icmp|   0|  0|  23|          16|           1|
    |icmp_ln45_168_fu_3022_p2    |      icmp|   0|  0|  23|          16|           1|
    |icmp_ln45_169_fu_3036_p2    |      icmp|   0|  0|  23|          16|           1|
    |icmp_ln45_170_fu_3050_p2    |      icmp|   0|  0|  23|          16|           1|
    |icmp_ln45_171_fu_3064_p2    |      icmp|   0|  0|  23|          16|           1|
    |icmp_ln45_172_fu_3078_p2    |      icmp|   0|  0|  23|          16|           1|
    |icmp_ln45_173_fu_3092_p2    |      icmp|   0|  0|  23|          16|           1|
    |icmp_ln45_174_fu_3106_p2    |      icmp|   0|  0|  23|          16|           1|
    |icmp_ln45_175_fu_3120_p2    |      icmp|   0|  0|  23|          16|           1|
    |icmp_ln45_176_fu_3134_p2    |      icmp|   0|  0|  23|          16|           1|
    |icmp_ln45_177_fu_3148_p2    |      icmp|   0|  0|  23|          16|           1|
    |icmp_ln45_178_fu_3162_p2    |      icmp|   0|  0|  23|          16|           1|
    |icmp_ln45_179_fu_3176_p2    |      icmp|   0|  0|  23|          16|           1|
    |icmp_ln45_180_fu_3190_p2    |      icmp|   0|  0|  23|          16|           1|
    |icmp_ln45_181_fu_3204_p2    |      icmp|   0|  0|  23|          16|           1|
    |icmp_ln45_182_fu_3218_p2    |      icmp|   0|  0|  23|          16|           1|
    |icmp_ln45_183_fu_3232_p2    |      icmp|   0|  0|  23|          16|           1|
    |icmp_ln45_184_fu_3246_p2    |      icmp|   0|  0|  23|          16|           1|
    |icmp_ln45_185_fu_3260_p2    |      icmp|   0|  0|  23|          16|           1|
    |icmp_ln45_186_fu_3274_p2    |      icmp|   0|  0|  23|          16|           1|
    |icmp_ln45_187_fu_3288_p2    |      icmp|   0|  0|  23|          16|           1|
    |icmp_ln45_188_fu_3302_p2    |      icmp|   0|  0|  23|          16|           1|
    |icmp_ln45_189_fu_3316_p2    |      icmp|   0|  0|  23|          16|           1|
    |icmp_ln45_190_fu_3330_p2    |      icmp|   0|  0|  23|          16|           1|
    |icmp_ln45_64_fu_1566_p2     |      icmp|   0|  0|  23|          16|           1|
    |icmp_ln45_65_fu_1580_p2     |      icmp|   0|  0|  23|          16|           1|
    |icmp_ln45_66_fu_1594_p2     |      icmp|   0|  0|  23|          16|           1|
    |icmp_ln45_67_fu_1608_p2     |      icmp|   0|  0|  23|          16|           1|
    |icmp_ln45_68_fu_1622_p2     |      icmp|   0|  0|  23|          16|           1|
    |icmp_ln45_69_fu_1636_p2     |      icmp|   0|  0|  23|          16|           1|
    |icmp_ln45_70_fu_1650_p2     |      icmp|   0|  0|  23|          16|           1|
    |icmp_ln45_71_fu_1664_p2     |      icmp|   0|  0|  23|          16|           1|
    |icmp_ln45_72_fu_1678_p2     |      icmp|   0|  0|  23|          16|           1|
    |icmp_ln45_73_fu_1692_p2     |      icmp|   0|  0|  23|          16|           1|
    |icmp_ln45_74_fu_1706_p2     |      icmp|   0|  0|  23|          16|           1|
    |icmp_ln45_75_fu_1720_p2     |      icmp|   0|  0|  23|          16|           1|
    |icmp_ln45_76_fu_1734_p2     |      icmp|   0|  0|  23|          16|           1|
    |icmp_ln45_77_fu_1748_p2     |      icmp|   0|  0|  23|          16|           1|
    |icmp_ln45_78_fu_1762_p2     |      icmp|   0|  0|  23|          16|           1|
    |icmp_ln45_79_fu_1776_p2     |      icmp|   0|  0|  23|          16|           1|
    |icmp_ln45_80_fu_1790_p2     |      icmp|   0|  0|  23|          16|           1|
    |icmp_ln45_81_fu_1804_p2     |      icmp|   0|  0|  23|          16|           1|
    |icmp_ln45_82_fu_1818_p2     |      icmp|   0|  0|  23|          16|           1|
    |icmp_ln45_83_fu_1832_p2     |      icmp|   0|  0|  23|          16|           1|
    |icmp_ln45_84_fu_1846_p2     |      icmp|   0|  0|  23|          16|           1|
    |icmp_ln45_85_fu_1860_p2     |      icmp|   0|  0|  23|          16|           1|
    |icmp_ln45_86_fu_1874_p2     |      icmp|   0|  0|  23|          16|           1|
    |icmp_ln45_87_fu_1888_p2     |      icmp|   0|  0|  23|          16|           1|
    |icmp_ln45_88_fu_1902_p2     |      icmp|   0|  0|  23|          16|           1|
    |icmp_ln45_89_fu_1916_p2     |      icmp|   0|  0|  23|          16|           1|
    |icmp_ln45_90_fu_1930_p2     |      icmp|   0|  0|  23|          16|           1|
    |icmp_ln45_91_fu_1944_p2     |      icmp|   0|  0|  23|          16|           1|
    |icmp_ln45_92_fu_1958_p2     |      icmp|   0|  0|  23|          16|           1|
    |icmp_ln45_93_fu_1972_p2     |      icmp|   0|  0|  23|          16|           1|
    |icmp_ln45_94_fu_1986_p2     |      icmp|   0|  0|  23|          16|           1|
    |icmp_ln45_95_fu_2000_p2     |      icmp|   0|  0|  23|          16|           1|
    |icmp_ln45_96_fu_2014_p2     |      icmp|   0|  0|  23|          16|           1|
    |icmp_ln45_97_fu_2028_p2     |      icmp|   0|  0|  23|          16|           1|
    |icmp_ln45_98_fu_2042_p2     |      icmp|   0|  0|  23|          16|           1|
    |icmp_ln45_99_fu_2056_p2     |      icmp|   0|  0|  23|          16|           1|
    |icmp_ln45_fu_1552_p2        |      icmp|   0|  0|  23|          16|           1|
    |ap_block_state1             |        or|   0|  0|   2|           1|           1|
    |select_ln45_100_fu_2076_p3  |    select|   0|  0|  15|           1|          15|
    |select_ln45_101_fu_2090_p3  |    select|   0|  0|  15|           1|          15|
    |select_ln45_102_fu_2104_p3  |    select|   0|  0|  15|           1|          15|
    |select_ln45_103_fu_2118_p3  |    select|   0|  0|  15|           1|          15|
    |select_ln45_104_fu_2132_p3  |    select|   0|  0|  15|           1|          15|
    |select_ln45_105_fu_2146_p3  |    select|   0|  0|  15|           1|          15|
    |select_ln45_106_fu_2160_p3  |    select|   0|  0|  15|           1|          15|
    |select_ln45_107_fu_2174_p3  |    select|   0|  0|  15|           1|          15|
    |select_ln45_108_fu_2188_p3  |    select|   0|  0|  15|           1|          15|
    |select_ln45_109_fu_2202_p3  |    select|   0|  0|  15|           1|          15|
    |select_ln45_110_fu_2216_p3  |    select|   0|  0|  15|           1|          15|
    |select_ln45_111_fu_2230_p3  |    select|   0|  0|  15|           1|          15|
    |select_ln45_112_fu_2244_p3  |    select|   0|  0|  15|           1|          15|
    |select_ln45_113_fu_2258_p3  |    select|   0|  0|  15|           1|          15|
    |select_ln45_114_fu_2272_p3  |    select|   0|  0|  15|           1|          15|
    |select_ln45_115_fu_2286_p3  |    select|   0|  0|  15|           1|          15|
    |select_ln45_116_fu_2300_p3  |    select|   0|  0|  15|           1|          15|
    |select_ln45_117_fu_2314_p3  |    select|   0|  0|  15|           1|          15|
    |select_ln45_118_fu_2328_p3  |    select|   0|  0|  15|           1|          15|
    |select_ln45_119_fu_2342_p3  |    select|   0|  0|  15|           1|          15|
    |select_ln45_120_fu_2356_p3  |    select|   0|  0|  15|           1|          15|
    |select_ln45_121_fu_2370_p3  |    select|   0|  0|  15|           1|          15|
    |select_ln45_122_fu_2384_p3  |    select|   0|  0|  15|           1|          15|
    |select_ln45_123_fu_2398_p3  |    select|   0|  0|  15|           1|          15|
    |select_ln45_124_fu_2412_p3  |    select|   0|  0|  15|           1|          15|
    |select_ln45_125_fu_2426_p3  |    select|   0|  0|  15|           1|          15|
    |select_ln45_126_fu_2440_p3  |    select|   0|  0|  15|           1|          15|
    |select_ln45_127_fu_2454_p3  |    select|   0|  0|  15|           1|          15|
    |select_ln45_128_fu_2468_p3  |    select|   0|  0|  15|           1|          15|
    |select_ln45_129_fu_2482_p3  |    select|   0|  0|  15|           1|          15|
    |select_ln45_130_fu_2496_p3  |    select|   0|  0|  15|           1|          15|
    |select_ln45_131_fu_2510_p3  |    select|   0|  0|  15|           1|          15|
    |select_ln45_132_fu_2524_p3  |    select|   0|  0|  15|           1|          15|
    |select_ln45_133_fu_2538_p3  |    select|   0|  0|  15|           1|          15|
    |select_ln45_134_fu_2552_p3  |    select|   0|  0|  15|           1|          15|
    |select_ln45_135_fu_2566_p3  |    select|   0|  0|  15|           1|          15|
    |select_ln45_136_fu_2580_p3  |    select|   0|  0|  15|           1|          15|
    |select_ln45_137_fu_2594_p3  |    select|   0|  0|  15|           1|          15|
    |select_ln45_138_fu_2608_p3  |    select|   0|  0|  15|           1|          15|
    |select_ln45_139_fu_2622_p3  |    select|   0|  0|  15|           1|          15|
    |select_ln45_140_fu_2636_p3  |    select|   0|  0|  15|           1|          15|
    |select_ln45_141_fu_2650_p3  |    select|   0|  0|  15|           1|          15|
    |select_ln45_142_fu_2664_p3  |    select|   0|  0|  15|           1|          15|
    |select_ln45_143_fu_2678_p3  |    select|   0|  0|  15|           1|          15|
    |select_ln45_144_fu_2692_p3  |    select|   0|  0|  15|           1|          15|
    |select_ln45_145_fu_2706_p3  |    select|   0|  0|  15|           1|          15|
    |select_ln45_146_fu_2720_p3  |    select|   0|  0|  15|           1|          15|
    |select_ln45_147_fu_2734_p3  |    select|   0|  0|  15|           1|          15|
    |select_ln45_148_fu_2748_p3  |    select|   0|  0|  15|           1|          15|
    |select_ln45_149_fu_2762_p3  |    select|   0|  0|  15|           1|          15|
    |select_ln45_150_fu_2776_p3  |    select|   0|  0|  15|           1|          15|
    |select_ln45_151_fu_2790_p3  |    select|   0|  0|  15|           1|          15|
    |select_ln45_152_fu_2804_p3  |    select|   0|  0|  15|           1|          15|
    |select_ln45_153_fu_2818_p3  |    select|   0|  0|  15|           1|          15|
    |select_ln45_154_fu_2832_p3  |    select|   0|  0|  15|           1|          15|
    |select_ln45_155_fu_2846_p3  |    select|   0|  0|  15|           1|          15|
    |select_ln45_156_fu_2860_p3  |    select|   0|  0|  15|           1|          15|
    |select_ln45_157_fu_2874_p3  |    select|   0|  0|  15|           1|          15|
    |select_ln45_158_fu_2888_p3  |    select|   0|  0|  15|           1|          15|
    |select_ln45_159_fu_2902_p3  |    select|   0|  0|  15|           1|          15|
    |select_ln45_160_fu_2916_p3  |    select|   0|  0|  15|           1|          15|
    |select_ln45_161_fu_2930_p3  |    select|   0|  0|  15|           1|          15|
    |select_ln45_162_fu_2944_p3  |    select|   0|  0|  15|           1|          15|
    |select_ln45_163_fu_2958_p3  |    select|   0|  0|  15|           1|          15|
    |select_ln45_164_fu_2972_p3  |    select|   0|  0|  15|           1|          15|
    |select_ln45_165_fu_2986_p3  |    select|   0|  0|  15|           1|          15|
    |select_ln45_166_fu_3000_p3  |    select|   0|  0|  15|           1|          15|
    |select_ln45_167_fu_3014_p3  |    select|   0|  0|  15|           1|          15|
    |select_ln45_168_fu_3028_p3  |    select|   0|  0|  15|           1|          15|
    |select_ln45_169_fu_3042_p3  |    select|   0|  0|  15|           1|          15|
    |select_ln45_170_fu_3056_p3  |    select|   0|  0|  15|           1|          15|
    |select_ln45_171_fu_3070_p3  |    select|   0|  0|  15|           1|          15|
    |select_ln45_172_fu_3084_p3  |    select|   0|  0|  15|           1|          15|
    |select_ln45_173_fu_3098_p3  |    select|   0|  0|  15|           1|          15|
    |select_ln45_174_fu_3112_p3  |    select|   0|  0|  15|           1|          15|
    |select_ln45_175_fu_3126_p3  |    select|   0|  0|  15|           1|          15|
    |select_ln45_176_fu_3140_p3  |    select|   0|  0|  15|           1|          15|
    |select_ln45_177_fu_3154_p3  |    select|   0|  0|  15|           1|          15|
    |select_ln45_178_fu_3168_p3  |    select|   0|  0|  15|           1|          15|
    |select_ln45_179_fu_3182_p3  |    select|   0|  0|  15|           1|          15|
    |select_ln45_180_fu_3196_p3  |    select|   0|  0|  15|           1|          15|
    |select_ln45_181_fu_3210_p3  |    select|   0|  0|  15|           1|          15|
    |select_ln45_182_fu_3224_p3  |    select|   0|  0|  15|           1|          15|
    |select_ln45_183_fu_3238_p3  |    select|   0|  0|  15|           1|          15|
    |select_ln45_184_fu_3252_p3  |    select|   0|  0|  15|           1|          15|
    |select_ln45_185_fu_3266_p3  |    select|   0|  0|  15|           1|          15|
    |select_ln45_186_fu_3280_p3  |    select|   0|  0|  15|           1|          15|
    |select_ln45_187_fu_3294_p3  |    select|   0|  0|  15|           1|          15|
    |select_ln45_188_fu_3308_p3  |    select|   0|  0|  15|           1|          15|
    |select_ln45_189_fu_3322_p3  |    select|   0|  0|  15|           1|          15|
    |select_ln45_190_fu_3336_p3  |    select|   0|  0|  15|           1|          15|
    |select_ln45_64_fu_1572_p3   |    select|   0|  0|  15|           1|          15|
    |select_ln45_65_fu_1586_p3   |    select|   0|  0|  15|           1|          15|
    |select_ln45_66_fu_1600_p3   |    select|   0|  0|  15|           1|          15|
    |select_ln45_67_fu_1614_p3   |    select|   0|  0|  15|           1|          15|
    |select_ln45_68_fu_1628_p3   |    select|   0|  0|  15|           1|          15|
    |select_ln45_69_fu_1642_p3   |    select|   0|  0|  15|           1|          15|
    |select_ln45_70_fu_1656_p3   |    select|   0|  0|  15|           1|          15|
    |select_ln45_71_fu_1670_p3   |    select|   0|  0|  15|           1|          15|
    |select_ln45_72_fu_1684_p3   |    select|   0|  0|  15|           1|          15|
    |select_ln45_73_fu_1698_p3   |    select|   0|  0|  15|           1|          15|
    |select_ln45_74_fu_1712_p3   |    select|   0|  0|  15|           1|          15|
    |select_ln45_75_fu_1726_p3   |    select|   0|  0|  15|           1|          15|
    |select_ln45_76_fu_1740_p3   |    select|   0|  0|  15|           1|          15|
    |select_ln45_77_fu_1754_p3   |    select|   0|  0|  15|           1|          15|
    |select_ln45_78_fu_1768_p3   |    select|   0|  0|  15|           1|          15|
    |select_ln45_79_fu_1782_p3   |    select|   0|  0|  15|           1|          15|
    |select_ln45_80_fu_1796_p3   |    select|   0|  0|  15|           1|          15|
    |select_ln45_81_fu_1810_p3   |    select|   0|  0|  15|           1|          15|
    |select_ln45_82_fu_1824_p3   |    select|   0|  0|  15|           1|          15|
    |select_ln45_83_fu_1838_p3   |    select|   0|  0|  15|           1|          15|
    |select_ln45_84_fu_1852_p3   |    select|   0|  0|  15|           1|          15|
    |select_ln45_85_fu_1866_p3   |    select|   0|  0|  15|           1|          15|
    |select_ln45_86_fu_1880_p3   |    select|   0|  0|  15|           1|          15|
    |select_ln45_87_fu_1894_p3   |    select|   0|  0|  15|           1|          15|
    |select_ln45_88_fu_1908_p3   |    select|   0|  0|  15|           1|          15|
    |select_ln45_89_fu_1922_p3   |    select|   0|  0|  15|           1|          15|
    |select_ln45_90_fu_1936_p3   |    select|   0|  0|  15|           1|          15|
    |select_ln45_91_fu_1950_p3   |    select|   0|  0|  15|           1|          15|
    |select_ln45_92_fu_1964_p3   |    select|   0|  0|  15|           1|          15|
    |select_ln45_93_fu_1978_p3   |    select|   0|  0|  15|           1|          15|
    |select_ln45_94_fu_1992_p3   |    select|   0|  0|  15|           1|          15|
    |select_ln45_95_fu_2006_p3   |    select|   0|  0|  15|           1|          15|
    |select_ln45_96_fu_2020_p3   |    select|   0|  0|  15|           1|          15|
    |select_ln45_97_fu_2034_p3   |    select|   0|  0|  15|           1|          15|
    |select_ln45_98_fu_2048_p3   |    select|   0|  0|  15|           1|          15|
    |select_ln45_99_fu_2062_p3   |    select|   0|  0|  15|           1|          15|
    |select_ln45_fu_1558_p3      |    select|   0|  0|  15|           1|          15|
    +----------------------------+----------+----+---+----+------------+------------+
    |Total                       |          |   0|  0|4866|        2177|        2049|
    +----------------------------+----------+----+---+----+------------+------------+

    * Multiplexer: 
    +---------------+----+-----------+-----+-----------+
    |      Name     | LUT| Input Size| Bits| Total Bits|
    +---------------+----+-----------+-----+-----------+
    |ap_done        |   9|          2|    1|          2|
    |ap_return_0    |   9|          2|   15|         30|
    |ap_return_1    |   9|          2|   15|         30|
    |ap_return_10   |   9|          2|   15|         30|
    |ap_return_100  |   9|          2|   15|         30|
    |ap_return_101  |   9|          2|   15|         30|
    |ap_return_102  |   9|          2|   15|         30|
    |ap_return_103  |   9|          2|   15|         30|
    |ap_return_104  |   9|          2|   15|         30|
    |ap_return_105  |   9|          2|   15|         30|
    |ap_return_106  |   9|          2|   15|         30|
    |ap_return_107  |   9|          2|   15|         30|
    |ap_return_108  |   9|          2|   15|         30|
    |ap_return_109  |   9|          2|   15|         30|
    |ap_return_11   |   9|          2|   15|         30|
    |ap_return_110  |   9|          2|   15|         30|
    |ap_return_111  |   9|          2|   15|         30|
    |ap_return_112  |   9|          2|   15|         30|
    |ap_return_113  |   9|          2|   15|         30|
    |ap_return_114  |   9|          2|   15|         30|
    |ap_return_115  |   9|          2|   15|         30|
    |ap_return_116  |   9|          2|   15|         30|
    |ap_return_117  |   9|          2|   15|         30|
    |ap_return_118  |   9|          2|   15|         30|
    |ap_return_119  |   9|          2|   15|         30|
    |ap_return_12   |   9|          2|   15|         30|
    |ap_return_120  |   9|          2|   15|         30|
    |ap_return_121  |   9|          2|   15|         30|
    |ap_return_122  |   9|          2|   15|         30|
    |ap_return_123  |   9|          2|   15|         30|
    |ap_return_124  |   9|          2|   15|         30|
    |ap_return_125  |   9|          2|   15|         30|
    |ap_return_126  |   9|          2|   15|         30|
    |ap_return_127  |   9|          2|   15|         30|
    |ap_return_13   |   9|          2|   15|         30|
    |ap_return_14   |   9|          2|   15|         30|
    |ap_return_15   |   9|          2|   15|         30|
    |ap_return_16   |   9|          2|   15|         30|
    |ap_return_17   |   9|          2|   15|         30|
    |ap_return_18   |   9|          2|   15|         30|
    |ap_return_19   |   9|          2|   15|         30|
    |ap_return_2    |   9|          2|   15|         30|
    |ap_return_20   |   9|          2|   15|         30|
    |ap_return_21   |   9|          2|   15|         30|
    |ap_return_22   |   9|          2|   15|         30|
    |ap_return_23   |   9|          2|   15|         30|
    |ap_return_24   |   9|          2|   15|         30|
    |ap_return_25   |   9|          2|   15|         30|
    |ap_return_26   |   9|          2|   15|         30|
    |ap_return_27   |   9|          2|   15|         30|
    |ap_return_28   |   9|          2|   15|         30|
    |ap_return_29   |   9|          2|   15|         30|
    |ap_return_3    |   9|          2|   15|         30|
    |ap_return_30   |   9|          2|   15|         30|
    |ap_return_31   |   9|          2|   15|         30|
    |ap_return_32   |   9|          2|   15|         30|
    |ap_return_33   |   9|          2|   15|         30|
    |ap_return_34   |   9|          2|   15|         30|
    |ap_return_35   |   9|          2|   15|         30|
    |ap_return_36   |   9|          2|   15|         30|
    |ap_return_37   |   9|          2|   15|         30|
    |ap_return_38   |   9|          2|   15|         30|
    |ap_return_39   |   9|          2|   15|         30|
    |ap_return_4    |   9|          2|   15|         30|
    |ap_return_40   |   9|          2|   15|         30|
    |ap_return_41   |   9|          2|   15|         30|
    |ap_return_42   |   9|          2|   15|         30|
    |ap_return_43   |   9|          2|   15|         30|
    |ap_return_44   |   9|          2|   15|         30|
    |ap_return_45   |   9|          2|   15|         30|
    |ap_return_46   |   9|          2|   15|         30|
    |ap_return_47   |   9|          2|   15|         30|
    |ap_return_48   |   9|          2|   15|         30|
    |ap_return_49   |   9|          2|   15|         30|
    |ap_return_5    |   9|          2|   15|         30|
    |ap_return_50   |   9|          2|   15|         30|
    |ap_return_51   |   9|          2|   15|         30|
    |ap_return_52   |   9|          2|   15|         30|
    |ap_return_53   |   9|          2|   15|         30|
    |ap_return_54   |   9|          2|   15|         30|
    |ap_return_55   |   9|          2|   15|         30|
    |ap_return_56   |   9|          2|   15|         30|
    |ap_return_57   |   9|          2|   15|         30|
    |ap_return_58   |   9|          2|   15|         30|
    |ap_return_59   |   9|          2|   15|         30|
    |ap_return_6    |   9|          2|   15|         30|
    |ap_return_60   |   9|          2|   15|         30|
    |ap_return_61   |   9|          2|   15|         30|
    |ap_return_62   |   9|          2|   15|         30|
    |ap_return_63   |   9|          2|   15|         30|
    |ap_return_64   |   9|          2|   15|         30|
    |ap_return_65   |   9|          2|   15|         30|
    |ap_return_66   |   9|          2|   15|         30|
    |ap_return_67   |   9|          2|   15|         30|
    |ap_return_68   |   9|          2|   15|         30|
    |ap_return_69   |   9|          2|   15|         30|
    |ap_return_7    |   9|          2|   15|         30|
    |ap_return_70   |   9|          2|   15|         30|
    |ap_return_71   |   9|          2|   15|         30|
    |ap_return_72   |   9|          2|   15|         30|
    |ap_return_73   |   9|          2|   15|         30|
    |ap_return_74   |   9|          2|   15|         30|
    |ap_return_75   |   9|          2|   15|         30|
    |ap_return_76   |   9|          2|   15|         30|
    |ap_return_77   |   9|          2|   15|         30|
    |ap_return_78   |   9|          2|   15|         30|
    |ap_return_79   |   9|          2|   15|         30|
    |ap_return_8    |   9|          2|   15|         30|
    |ap_return_80   |   9|          2|   15|         30|
    |ap_return_81   |   9|          2|   15|         30|
    |ap_return_82   |   9|          2|   15|         30|
    |ap_return_83   |   9|          2|   15|         30|
    |ap_return_84   |   9|          2|   15|         30|
    |ap_return_85   |   9|          2|   15|         30|
    |ap_return_86   |   9|          2|   15|         30|
    |ap_return_87   |   9|          2|   15|         30|
    |ap_return_88   |   9|          2|   15|         30|
    |ap_return_89   |   9|          2|   15|         30|
    |ap_return_9    |   9|          2|   15|         30|
    |ap_return_90   |   9|          2|   15|         30|
    |ap_return_91   |   9|          2|   15|         30|
    |ap_return_92   |   9|          2|   15|         30|
    |ap_return_93   |   9|          2|   15|         30|
    |ap_return_94   |   9|          2|   15|         30|
    |ap_return_95   |   9|          2|   15|         30|
    |ap_return_96   |   9|          2|   15|         30|
    |ap_return_97   |   9|          2|   15|         30|
    |ap_return_98   |   9|          2|   15|         30|
    |ap_return_99   |   9|          2|   15|         30|
    +---------------+----+-----------+-----+-----------+
    |Total          |1161|        258| 1921|       3842|
    +---------------+----+-----------+-----+-----------+

    * Register: 
    +--------------------+----+----+-----+-----------+
    |        Name        | FF | LUT| Bits| Const Bits|
    +--------------------+----+----+-----+-----------+
    |ap_CS_fsm           |   1|   0|    1|          0|
    |ap_done_reg         |   1|   0|    1|          0|
    |ap_return_0_preg    |  15|   0|   15|          0|
    |ap_return_100_preg  |  15|   0|   15|          0|
    |ap_return_101_preg  |  15|   0|   15|          0|
    |ap_return_102_preg  |  15|   0|   15|          0|
    |ap_return_103_preg  |  15|   0|   15|          0|
    |ap_return_104_preg  |  15|   0|   15|          0|
    |ap_return_105_preg  |  15|   0|   15|          0|
    |ap_return_106_preg  |  15|   0|   15|          0|
    |ap_return_107_preg  |  15|   0|   15|          0|
    |ap_return_108_preg  |  15|   0|   15|          0|
    |ap_return_109_preg  |  15|   0|   15|          0|
    |ap_return_10_preg   |  15|   0|   15|          0|
    |ap_return_110_preg  |  15|   0|   15|          0|
    |ap_return_111_preg  |  15|   0|   15|          0|
    |ap_return_112_preg  |  15|   0|   15|          0|
    |ap_return_113_preg  |  15|   0|   15|          0|
    |ap_return_114_preg  |  15|   0|   15|          0|
    |ap_return_115_preg  |  15|   0|   15|          0|
    |ap_return_116_preg  |  15|   0|   15|          0|
    |ap_return_117_preg  |  15|   0|   15|          0|
    |ap_return_118_preg  |  15|   0|   15|          0|
    |ap_return_119_preg  |  15|   0|   15|          0|
    |ap_return_11_preg   |  15|   0|   15|          0|
    |ap_return_120_preg  |  15|   0|   15|          0|
    |ap_return_121_preg  |  15|   0|   15|          0|
    |ap_return_122_preg  |  15|   0|   15|          0|
    |ap_return_123_preg  |  15|   0|   15|          0|
    |ap_return_124_preg  |  15|   0|   15|          0|
    |ap_return_125_preg  |  15|   0|   15|          0|
    |ap_return_126_preg  |  15|   0|   15|          0|
    |ap_return_127_preg  |  15|   0|   15|          0|
    |ap_return_12_preg   |  15|   0|   15|          0|
    |ap_return_13_preg   |  15|   0|   15|          0|
    |ap_return_14_preg   |  15|   0|   15|          0|
    |ap_return_15_preg   |  15|   0|   15|          0|
    |ap_return_16_preg   |  15|   0|   15|          0|
    |ap_return_17_preg   |  15|   0|   15|          0|
    |ap_return_18_preg   |  15|   0|   15|          0|
    |ap_return_19_preg   |  15|   0|   15|          0|
    |ap_return_1_preg    |  15|   0|   15|          0|
    |ap_return_20_preg   |  15|   0|   15|          0|
    |ap_return_21_preg   |  15|   0|   15|          0|
    |ap_return_22_preg   |  15|   0|   15|          0|
    |ap_return_23_preg   |  15|   0|   15|          0|
    |ap_return_24_preg   |  15|   0|   15|          0|
    |ap_return_25_preg   |  15|   0|   15|          0|
    |ap_return_26_preg   |  15|   0|   15|          0|
    |ap_return_27_preg   |  15|   0|   15|          0|
    |ap_return_28_preg   |  15|   0|   15|          0|
    |ap_return_29_preg   |  15|   0|   15|          0|
    |ap_return_2_preg    |  15|   0|   15|          0|
    |ap_return_30_preg   |  15|   0|   15|          0|
    |ap_return_31_preg   |  15|   0|   15|          0|
    |ap_return_32_preg   |  15|   0|   15|          0|
    |ap_return_33_preg   |  15|   0|   15|          0|
    |ap_return_34_preg   |  15|   0|   15|          0|
    |ap_return_35_preg   |  15|   0|   15|          0|
    |ap_return_36_preg   |  15|   0|   15|          0|
    |ap_return_37_preg   |  15|   0|   15|          0|
    |ap_return_38_preg   |  15|   0|   15|          0|
    |ap_return_39_preg   |  15|   0|   15|          0|
    |ap_return_3_preg    |  15|   0|   15|          0|
    |ap_return_40_preg   |  15|   0|   15|          0|
    |ap_return_41_preg   |  15|   0|   15|          0|
    |ap_return_42_preg   |  15|   0|   15|          0|
    |ap_return_43_preg   |  15|   0|   15|          0|
    |ap_return_44_preg   |  15|   0|   15|          0|
    |ap_return_45_preg   |  15|   0|   15|          0|
    |ap_return_46_preg   |  15|   0|   15|          0|
    |ap_return_47_preg   |  15|   0|   15|          0|
    |ap_return_48_preg   |  15|   0|   15|          0|
    |ap_return_49_preg   |  15|   0|   15|          0|
    |ap_return_4_preg    |  15|   0|   15|          0|
    |ap_return_50_preg   |  15|   0|   15|          0|
    |ap_return_51_preg   |  15|   0|   15|          0|
    |ap_return_52_preg   |  15|   0|   15|          0|
    |ap_return_53_preg   |  15|   0|   15|          0|
    |ap_return_54_preg   |  15|   0|   15|          0|
    |ap_return_55_preg   |  15|   0|   15|          0|
    |ap_return_56_preg   |  15|   0|   15|          0|
    |ap_return_57_preg   |  15|   0|   15|          0|
    |ap_return_58_preg   |  15|   0|   15|          0|
    |ap_return_59_preg   |  15|   0|   15|          0|
    |ap_return_5_preg    |  15|   0|   15|          0|
    |ap_return_60_preg   |  15|   0|   15|          0|
    |ap_return_61_preg   |  15|   0|   15|          0|
    |ap_return_62_preg   |  15|   0|   15|          0|
    |ap_return_63_preg   |  15|   0|   15|          0|
    |ap_return_64_preg   |  15|   0|   15|          0|
    |ap_return_65_preg   |  15|   0|   15|          0|
    |ap_return_66_preg   |  15|   0|   15|          0|
    |ap_return_67_preg   |  15|   0|   15|          0|
    |ap_return_68_preg   |  15|   0|   15|          0|
    |ap_return_69_preg   |  15|   0|   15|          0|
    |ap_return_6_preg    |  15|   0|   15|          0|
    |ap_return_70_preg   |  15|   0|   15|          0|
    |ap_return_71_preg   |  15|   0|   15|          0|
    |ap_return_72_preg   |  15|   0|   15|          0|
    |ap_return_73_preg   |  15|   0|   15|          0|
    |ap_return_74_preg   |  15|   0|   15|          0|
    |ap_return_75_preg   |  15|   0|   15|          0|
    |ap_return_76_preg   |  15|   0|   15|          0|
    |ap_return_77_preg   |  15|   0|   15|          0|
    |ap_return_78_preg   |  15|   0|   15|          0|
    |ap_return_79_preg   |  15|   0|   15|          0|
    |ap_return_7_preg    |  15|   0|   15|          0|
    |ap_return_80_preg   |  15|   0|   15|          0|
    |ap_return_81_preg   |  15|   0|   15|          0|
    |ap_return_82_preg   |  15|   0|   15|          0|
    |ap_return_83_preg   |  15|   0|   15|          0|
    |ap_return_84_preg   |  15|   0|   15|          0|
    |ap_return_85_preg   |  15|   0|   15|          0|
    |ap_return_86_preg   |  15|   0|   15|          0|
    |ap_return_87_preg   |  15|   0|   15|          0|
    |ap_return_88_preg   |  15|   0|   15|          0|
    |ap_return_89_preg   |  15|   0|   15|          0|
    |ap_return_8_preg    |  15|   0|   15|          0|
    |ap_return_90_preg   |  15|   0|   15|          0|
    |ap_return_91_preg   |  15|   0|   15|          0|
    |ap_return_92_preg   |  15|   0|   15|          0|
    |ap_return_93_preg   |  15|   0|   15|          0|
    |ap_return_94_preg   |  15|   0|   15|          0|
    |ap_return_95_preg   |  15|   0|   15|          0|
    |ap_return_96_preg   |  15|   0|   15|          0|
    |ap_return_97_preg   |  15|   0|   15|          0|
    |ap_return_98_preg   |  15|   0|   15|          0|
    |ap_return_99_preg   |  15|   0|   15|          0|
    |ap_return_9_preg    |  15|   0|   15|          0|
    +--------------------+----+----+-----+-----------+
    |Total               |1922|   0| 1922|          0|
    +--------------------+----+----+-----+-----------+



================================================================
== Interface
================================================================
* Summary: 
+---------------+-----+-----+------------+------------------------------------------------------------------------+--------------+
|   RTL Ports   | Dir | Bits|  Protocol  |                              Source Object                             |    C Type    |
+---------------+-----+-----+------------+------------------------------------------------------------------------+--------------+
|ap_clk         |   in|    1|  ap_ctrl_hs|  relu<ap_fixed<16, 6, 5, 3, 0>, ap_fixed<16, 6, 5, 3, 0>, relu_config7>|  return value|
|ap_rst         |   in|    1|  ap_ctrl_hs|  relu<ap_fixed<16, 6, 5, 3, 0>, ap_fixed<16, 6, 5, 3, 0>, relu_config7>|  return value|
|ap_start       |   in|    1|  ap_ctrl_hs|  relu<ap_fixed<16, 6, 5, 3, 0>, ap_fixed<16, 6, 5, 3, 0>, relu_config7>|  return value|
|ap_done        |  out|    1|  ap_ctrl_hs|  relu<ap_fixed<16, 6, 5, 3, 0>, ap_fixed<16, 6, 5, 3, 0>, relu_config7>|  return value|
|ap_continue    |   in|    1|  ap_ctrl_hs|  relu<ap_fixed<16, 6, 5, 3, 0>, ap_fixed<16, 6, 5, 3, 0>, relu_config7>|  return value|
|ap_ce          |   in|    1|  ap_ctrl_hs|  relu<ap_fixed<16, 6, 5, 3, 0>, ap_fixed<16, 6, 5, 3, 0>, relu_config7>|  return value|
|ap_idle        |  out|    1|  ap_ctrl_hs|  relu<ap_fixed<16, 6, 5, 3, 0>, ap_fixed<16, 6, 5, 3, 0>, relu_config7>|  return value|
|ap_ready       |  out|    1|  ap_ctrl_hs|  relu<ap_fixed<16, 6, 5, 3, 0>, ap_fixed<16, 6, 5, 3, 0>, relu_config7>|  return value|
|ap_return_0    |  out|   15|  ap_ctrl_hs|  relu<ap_fixed<16, 6, 5, 3, 0>, ap_fixed<16, 6, 5, 3, 0>, relu_config7>|  return value|
|ap_return_1    |  out|   15|  ap_ctrl_hs|  relu<ap_fixed<16, 6, 5, 3, 0>, ap_fixed<16, 6, 5, 3, 0>, relu_config7>|  return value|
|ap_return_2    |  out|   15|  ap_ctrl_hs|  relu<ap_fixed<16, 6, 5, 3, 0>, ap_fixed<16, 6, 5, 3, 0>, relu_config7>|  return value|
|ap_return_3    |  out|   15|  ap_ctrl_hs|  relu<ap_fixed<16, 6, 5, 3, 0>, ap_fixed<16, 6, 5, 3, 0>, relu_config7>|  return value|
|ap_return_4    |  out|   15|  ap_ctrl_hs|  relu<ap_fixed<16, 6, 5, 3, 0>, ap_fixed<16, 6, 5, 3, 0>, relu_config7>|  return value|
|ap_return_5    |  out|   15|  ap_ctrl_hs|  relu<ap_fixed<16, 6, 5, 3, 0>, ap_fixed<16, 6, 5, 3, 0>, relu_config7>|  return value|
|ap_return_6    |  out|   15|  ap_ctrl_hs|  relu<ap_fixed<16, 6, 5, 3, 0>, ap_fixed<16, 6, 5, 3, 0>, relu_config7>|  return value|
|ap_return_7    |  out|   15|  ap_ctrl_hs|  relu<ap_fixed<16, 6, 5, 3, 0>, ap_fixed<16, 6, 5, 3, 0>, relu_config7>|  return value|
|ap_return_8    |  out|   15|  ap_ctrl_hs|  relu<ap_fixed<16, 6, 5, 3, 0>, ap_fixed<16, 6, 5, 3, 0>, relu_config7>|  return value|
|ap_return_9    |  out|   15|  ap_ctrl_hs|  relu<ap_fixed<16, 6, 5, 3, 0>, ap_fixed<16, 6, 5, 3, 0>, relu_config7>|  return value|
|ap_return_10   |  out|   15|  ap_ctrl_hs|  relu<ap_fixed<16, 6, 5, 3, 0>, ap_fixed<16, 6, 5, 3, 0>, relu_config7>|  return value|
|ap_return_11   |  out|   15|  ap_ctrl_hs|  relu<ap_fixed<16, 6, 5, 3, 0>, ap_fixed<16, 6, 5, 3, 0>, relu_config7>|  return value|
|ap_return_12   |  out|   15|  ap_ctrl_hs|  relu<ap_fixed<16, 6, 5, 3, 0>, ap_fixed<16, 6, 5, 3, 0>, relu_config7>|  return value|
|ap_return_13   |  out|   15|  ap_ctrl_hs|  relu<ap_fixed<16, 6, 5, 3, 0>, ap_fixed<16, 6, 5, 3, 0>, relu_config7>|  return value|
|ap_return_14   |  out|   15|  ap_ctrl_hs|  relu<ap_fixed<16, 6, 5, 3, 0>, ap_fixed<16, 6, 5, 3, 0>, relu_config7>|  return value|
|ap_return_15   |  out|   15|  ap_ctrl_hs|  relu<ap_fixed<16, 6, 5, 3, 0>, ap_fixed<16, 6, 5, 3, 0>, relu_config7>|  return value|
|ap_return_16   |  out|   15|  ap_ctrl_hs|  relu<ap_fixed<16, 6, 5, 3, 0>, ap_fixed<16, 6, 5, 3, 0>, relu_config7>|  return value|
|ap_return_17   |  out|   15|  ap_ctrl_hs|  relu<ap_fixed<16, 6, 5, 3, 0>, ap_fixed<16, 6, 5, 3, 0>, relu_config7>|  return value|
|ap_return_18   |  out|   15|  ap_ctrl_hs|  relu<ap_fixed<16, 6, 5, 3, 0>, ap_fixed<16, 6, 5, 3, 0>, relu_config7>|  return value|
|ap_return_19   |  out|   15|  ap_ctrl_hs|  relu<ap_fixed<16, 6, 5, 3, 0>, ap_fixed<16, 6, 5, 3, 0>, relu_config7>|  return value|
|ap_return_20   |  out|   15|  ap_ctrl_hs|  relu<ap_fixed<16, 6, 5, 3, 0>, ap_fixed<16, 6, 5, 3, 0>, relu_config7>|  return value|
|ap_return_21   |  out|   15|  ap_ctrl_hs|  relu<ap_fixed<16, 6, 5, 3, 0>, ap_fixed<16, 6, 5, 3, 0>, relu_config7>|  return value|
|ap_return_22   |  out|   15|  ap_ctrl_hs|  relu<ap_fixed<16, 6, 5, 3, 0>, ap_fixed<16, 6, 5, 3, 0>, relu_config7>|  return value|
|ap_return_23   |  out|   15|  ap_ctrl_hs|  relu<ap_fixed<16, 6, 5, 3, 0>, ap_fixed<16, 6, 5, 3, 0>, relu_config7>|  return value|
|ap_return_24   |  out|   15|  ap_ctrl_hs|  relu<ap_fixed<16, 6, 5, 3, 0>, ap_fixed<16, 6, 5, 3, 0>, relu_config7>|  return value|
|ap_return_25   |  out|   15|  ap_ctrl_hs|  relu<ap_fixed<16, 6, 5, 3, 0>, ap_fixed<16, 6, 5, 3, 0>, relu_config7>|  return value|
|ap_return_26   |  out|   15|  ap_ctrl_hs|  relu<ap_fixed<16, 6, 5, 3, 0>, ap_fixed<16, 6, 5, 3, 0>, relu_config7>|  return value|
|ap_return_27   |  out|   15|  ap_ctrl_hs|  relu<ap_fixed<16, 6, 5, 3, 0>, ap_fixed<16, 6, 5, 3, 0>, relu_config7>|  return value|
|ap_return_28   |  out|   15|  ap_ctrl_hs|  relu<ap_fixed<16, 6, 5, 3, 0>, ap_fixed<16, 6, 5, 3, 0>, relu_config7>|  return value|
|ap_return_29   |  out|   15|  ap_ctrl_hs|  relu<ap_fixed<16, 6, 5, 3, 0>, ap_fixed<16, 6, 5, 3, 0>, relu_config7>|  return value|
|ap_return_30   |  out|   15|  ap_ctrl_hs|  relu<ap_fixed<16, 6, 5, 3, 0>, ap_fixed<16, 6, 5, 3, 0>, relu_config7>|  return value|
|ap_return_31   |  out|   15|  ap_ctrl_hs|  relu<ap_fixed<16, 6, 5, 3, 0>, ap_fixed<16, 6, 5, 3, 0>, relu_config7>|  return value|
|ap_return_32   |  out|   15|  ap_ctrl_hs|  relu<ap_fixed<16, 6, 5, 3, 0>, ap_fixed<16, 6, 5, 3, 0>, relu_config7>|  return value|
|ap_return_33   |  out|   15|  ap_ctrl_hs|  relu<ap_fixed<16, 6, 5, 3, 0>, ap_fixed<16, 6, 5, 3, 0>, relu_config7>|  return value|
|ap_return_34   |  out|   15|  ap_ctrl_hs|  relu<ap_fixed<16, 6, 5, 3, 0>, ap_fixed<16, 6, 5, 3, 0>, relu_config7>|  return value|
|ap_return_35   |  out|   15|  ap_ctrl_hs|  relu<ap_fixed<16, 6, 5, 3, 0>, ap_fixed<16, 6, 5, 3, 0>, relu_config7>|  return value|
|ap_return_36   |  out|   15|  ap_ctrl_hs|  relu<ap_fixed<16, 6, 5, 3, 0>, ap_fixed<16, 6, 5, 3, 0>, relu_config7>|  return value|
|ap_return_37   |  out|   15|  ap_ctrl_hs|  relu<ap_fixed<16, 6, 5, 3, 0>, ap_fixed<16, 6, 5, 3, 0>, relu_config7>|  return value|
|ap_return_38   |  out|   15|  ap_ctrl_hs|  relu<ap_fixed<16, 6, 5, 3, 0>, ap_fixed<16, 6, 5, 3, 0>, relu_config7>|  return value|
|ap_return_39   |  out|   15|  ap_ctrl_hs|  relu<ap_fixed<16, 6, 5, 3, 0>, ap_fixed<16, 6, 5, 3, 0>, relu_config7>|  return value|
|ap_return_40   |  out|   15|  ap_ctrl_hs|  relu<ap_fixed<16, 6, 5, 3, 0>, ap_fixed<16, 6, 5, 3, 0>, relu_config7>|  return value|
|ap_return_41   |  out|   15|  ap_ctrl_hs|  relu<ap_fixed<16, 6, 5, 3, 0>, ap_fixed<16, 6, 5, 3, 0>, relu_config7>|  return value|
|ap_return_42   |  out|   15|  ap_ctrl_hs|  relu<ap_fixed<16, 6, 5, 3, 0>, ap_fixed<16, 6, 5, 3, 0>, relu_config7>|  return value|
|ap_return_43   |  out|   15|  ap_ctrl_hs|  relu<ap_fixed<16, 6, 5, 3, 0>, ap_fixed<16, 6, 5, 3, 0>, relu_config7>|  return value|
|ap_return_44   |  out|   15|  ap_ctrl_hs|  relu<ap_fixed<16, 6, 5, 3, 0>, ap_fixed<16, 6, 5, 3, 0>, relu_config7>|  return value|
|ap_return_45   |  out|   15|  ap_ctrl_hs|  relu<ap_fixed<16, 6, 5, 3, 0>, ap_fixed<16, 6, 5, 3, 0>, relu_config7>|  return value|
|ap_return_46   |  out|   15|  ap_ctrl_hs|  relu<ap_fixed<16, 6, 5, 3, 0>, ap_fixed<16, 6, 5, 3, 0>, relu_config7>|  return value|
|ap_return_47   |  out|   15|  ap_ctrl_hs|  relu<ap_fixed<16, 6, 5, 3, 0>, ap_fixed<16, 6, 5, 3, 0>, relu_config7>|  return value|
|ap_return_48   |  out|   15|  ap_ctrl_hs|  relu<ap_fixed<16, 6, 5, 3, 0>, ap_fixed<16, 6, 5, 3, 0>, relu_config7>|  return value|
|ap_return_49   |  out|   15|  ap_ctrl_hs|  relu<ap_fixed<16, 6, 5, 3, 0>, ap_fixed<16, 6, 5, 3, 0>, relu_config7>|  return value|
|ap_return_50   |  out|   15|  ap_ctrl_hs|  relu<ap_fixed<16, 6, 5, 3, 0>, ap_fixed<16, 6, 5, 3, 0>, relu_config7>|  return value|
|ap_return_51   |  out|   15|  ap_ctrl_hs|  relu<ap_fixed<16, 6, 5, 3, 0>, ap_fixed<16, 6, 5, 3, 0>, relu_config7>|  return value|
|ap_return_52   |  out|   15|  ap_ctrl_hs|  relu<ap_fixed<16, 6, 5, 3, 0>, ap_fixed<16, 6, 5, 3, 0>, relu_config7>|  return value|
|ap_return_53   |  out|   15|  ap_ctrl_hs|  relu<ap_fixed<16, 6, 5, 3, 0>, ap_fixed<16, 6, 5, 3, 0>, relu_config7>|  return value|
|ap_return_54   |  out|   15|  ap_ctrl_hs|  relu<ap_fixed<16, 6, 5, 3, 0>, ap_fixed<16, 6, 5, 3, 0>, relu_config7>|  return value|
|ap_return_55   |  out|   15|  ap_ctrl_hs|  relu<ap_fixed<16, 6, 5, 3, 0>, ap_fixed<16, 6, 5, 3, 0>, relu_config7>|  return value|
|ap_return_56   |  out|   15|  ap_ctrl_hs|  relu<ap_fixed<16, 6, 5, 3, 0>, ap_fixed<16, 6, 5, 3, 0>, relu_config7>|  return value|
|ap_return_57   |  out|   15|  ap_ctrl_hs|  relu<ap_fixed<16, 6, 5, 3, 0>, ap_fixed<16, 6, 5, 3, 0>, relu_config7>|  return value|
|ap_return_58   |  out|   15|  ap_ctrl_hs|  relu<ap_fixed<16, 6, 5, 3, 0>, ap_fixed<16, 6, 5, 3, 0>, relu_config7>|  return value|
|ap_return_59   |  out|   15|  ap_ctrl_hs|  relu<ap_fixed<16, 6, 5, 3, 0>, ap_fixed<16, 6, 5, 3, 0>, relu_config7>|  return value|
|ap_return_60   |  out|   15|  ap_ctrl_hs|  relu<ap_fixed<16, 6, 5, 3, 0>, ap_fixed<16, 6, 5, 3, 0>, relu_config7>|  return value|
|ap_return_61   |  out|   15|  ap_ctrl_hs|  relu<ap_fixed<16, 6, 5, 3, 0>, ap_fixed<16, 6, 5, 3, 0>, relu_config7>|  return value|
|ap_return_62   |  out|   15|  ap_ctrl_hs|  relu<ap_fixed<16, 6, 5, 3, 0>, ap_fixed<16, 6, 5, 3, 0>, relu_config7>|  return value|
|ap_return_63   |  out|   15|  ap_ctrl_hs|  relu<ap_fixed<16, 6, 5, 3, 0>, ap_fixed<16, 6, 5, 3, 0>, relu_config7>|  return value|
|ap_return_64   |  out|   15|  ap_ctrl_hs|  relu<ap_fixed<16, 6, 5, 3, 0>, ap_fixed<16, 6, 5, 3, 0>, relu_config7>|  return value|
|ap_return_65   |  out|   15|  ap_ctrl_hs|  relu<ap_fixed<16, 6, 5, 3, 0>, ap_fixed<16, 6, 5, 3, 0>, relu_config7>|  return value|
|ap_return_66   |  out|   15|  ap_ctrl_hs|  relu<ap_fixed<16, 6, 5, 3, 0>, ap_fixed<16, 6, 5, 3, 0>, relu_config7>|  return value|
|ap_return_67   |  out|   15|  ap_ctrl_hs|  relu<ap_fixed<16, 6, 5, 3, 0>, ap_fixed<16, 6, 5, 3, 0>, relu_config7>|  return value|
|ap_return_68   |  out|   15|  ap_ctrl_hs|  relu<ap_fixed<16, 6, 5, 3, 0>, ap_fixed<16, 6, 5, 3, 0>, relu_config7>|  return value|
|ap_return_69   |  out|   15|  ap_ctrl_hs|  relu<ap_fixed<16, 6, 5, 3, 0>, ap_fixed<16, 6, 5, 3, 0>, relu_config7>|  return value|
|ap_return_70   |  out|   15|  ap_ctrl_hs|  relu<ap_fixed<16, 6, 5, 3, 0>, ap_fixed<16, 6, 5, 3, 0>, relu_config7>|  return value|
|ap_return_71   |  out|   15|  ap_ctrl_hs|  relu<ap_fixed<16, 6, 5, 3, 0>, ap_fixed<16, 6, 5, 3, 0>, relu_config7>|  return value|
|ap_return_72   |  out|   15|  ap_ctrl_hs|  relu<ap_fixed<16, 6, 5, 3, 0>, ap_fixed<16, 6, 5, 3, 0>, relu_config7>|  return value|
|ap_return_73   |  out|   15|  ap_ctrl_hs|  relu<ap_fixed<16, 6, 5, 3, 0>, ap_fixed<16, 6, 5, 3, 0>, relu_config7>|  return value|
|ap_return_74   |  out|   15|  ap_ctrl_hs|  relu<ap_fixed<16, 6, 5, 3, 0>, ap_fixed<16, 6, 5, 3, 0>, relu_config7>|  return value|
|ap_return_75   |  out|   15|  ap_ctrl_hs|  relu<ap_fixed<16, 6, 5, 3, 0>, ap_fixed<16, 6, 5, 3, 0>, relu_config7>|  return value|
|ap_return_76   |  out|   15|  ap_ctrl_hs|  relu<ap_fixed<16, 6, 5, 3, 0>, ap_fixed<16, 6, 5, 3, 0>, relu_config7>|  return value|
|ap_return_77   |  out|   15|  ap_ctrl_hs|  relu<ap_fixed<16, 6, 5, 3, 0>, ap_fixed<16, 6, 5, 3, 0>, relu_config7>|  return value|
|ap_return_78   |  out|   15|  ap_ctrl_hs|  relu<ap_fixed<16, 6, 5, 3, 0>, ap_fixed<16, 6, 5, 3, 0>, relu_config7>|  return value|
|ap_return_79   |  out|   15|  ap_ctrl_hs|  relu<ap_fixed<16, 6, 5, 3, 0>, ap_fixed<16, 6, 5, 3, 0>, relu_config7>|  return value|
|ap_return_80   |  out|   15|  ap_ctrl_hs|  relu<ap_fixed<16, 6, 5, 3, 0>, ap_fixed<16, 6, 5, 3, 0>, relu_config7>|  return value|
|ap_return_81   |  out|   15|  ap_ctrl_hs|  relu<ap_fixed<16, 6, 5, 3, 0>, ap_fixed<16, 6, 5, 3, 0>, relu_config7>|  return value|
|ap_return_82   |  out|   15|  ap_ctrl_hs|  relu<ap_fixed<16, 6, 5, 3, 0>, ap_fixed<16, 6, 5, 3, 0>, relu_config7>|  return value|
|ap_return_83   |  out|   15|  ap_ctrl_hs|  relu<ap_fixed<16, 6, 5, 3, 0>, ap_fixed<16, 6, 5, 3, 0>, relu_config7>|  return value|
|ap_return_84   |  out|   15|  ap_ctrl_hs|  relu<ap_fixed<16, 6, 5, 3, 0>, ap_fixed<16, 6, 5, 3, 0>, relu_config7>|  return value|
|ap_return_85   |  out|   15|  ap_ctrl_hs|  relu<ap_fixed<16, 6, 5, 3, 0>, ap_fixed<16, 6, 5, 3, 0>, relu_config7>|  return value|
|ap_return_86   |  out|   15|  ap_ctrl_hs|  relu<ap_fixed<16, 6, 5, 3, 0>, ap_fixed<16, 6, 5, 3, 0>, relu_config7>|  return value|
|ap_return_87   |  out|   15|  ap_ctrl_hs|  relu<ap_fixed<16, 6, 5, 3, 0>, ap_fixed<16, 6, 5, 3, 0>, relu_config7>|  return value|
|ap_return_88   |  out|   15|  ap_ctrl_hs|  relu<ap_fixed<16, 6, 5, 3, 0>, ap_fixed<16, 6, 5, 3, 0>, relu_config7>|  return value|
|ap_return_89   |  out|   15|  ap_ctrl_hs|  relu<ap_fixed<16, 6, 5, 3, 0>, ap_fixed<16, 6, 5, 3, 0>, relu_config7>|  return value|
|ap_return_90   |  out|   15|  ap_ctrl_hs|  relu<ap_fixed<16, 6, 5, 3, 0>, ap_fixed<16, 6, 5, 3, 0>, relu_config7>|  return value|
|ap_return_91   |  out|   15|  ap_ctrl_hs|  relu<ap_fixed<16, 6, 5, 3, 0>, ap_fixed<16, 6, 5, 3, 0>, relu_config7>|  return value|
|ap_return_92   |  out|   15|  ap_ctrl_hs|  relu<ap_fixed<16, 6, 5, 3, 0>, ap_fixed<16, 6, 5, 3, 0>, relu_config7>|  return value|
|ap_return_93   |  out|   15|  ap_ctrl_hs|  relu<ap_fixed<16, 6, 5, 3, 0>, ap_fixed<16, 6, 5, 3, 0>, relu_config7>|  return value|
|ap_return_94   |  out|   15|  ap_ctrl_hs|  relu<ap_fixed<16, 6, 5, 3, 0>, ap_fixed<16, 6, 5, 3, 0>, relu_config7>|  return value|
|ap_return_95   |  out|   15|  ap_ctrl_hs|  relu<ap_fixed<16, 6, 5, 3, 0>, ap_fixed<16, 6, 5, 3, 0>, relu_config7>|  return value|
|ap_return_96   |  out|   15|  ap_ctrl_hs|  relu<ap_fixed<16, 6, 5, 3, 0>, ap_fixed<16, 6, 5, 3, 0>, relu_config7>|  return value|
|ap_return_97   |  out|   15|  ap_ctrl_hs|  relu<ap_fixed<16, 6, 5, 3, 0>, ap_fixed<16, 6, 5, 3, 0>, relu_config7>|  return value|
|ap_return_98   |  out|   15|  ap_ctrl_hs|  relu<ap_fixed<16, 6, 5, 3, 0>, ap_fixed<16, 6, 5, 3, 0>, relu_config7>|  return value|
|ap_return_99   |  out|   15|  ap_ctrl_hs|  relu<ap_fixed<16, 6, 5, 3, 0>, ap_fixed<16, 6, 5, 3, 0>, relu_config7>|  return value|
|ap_return_100  |  out|   15|  ap_ctrl_hs|  relu<ap_fixed<16, 6, 5, 3, 0>, ap_fixed<16, 6, 5, 3, 0>, relu_config7>|  return value|
|ap_return_101  |  out|   15|  ap_ctrl_hs|  relu<ap_fixed<16, 6, 5, 3, 0>, ap_fixed<16, 6, 5, 3, 0>, relu_config7>|  return value|
|ap_return_102  |  out|   15|  ap_ctrl_hs|  relu<ap_fixed<16, 6, 5, 3, 0>, ap_fixed<16, 6, 5, 3, 0>, relu_config7>|  return value|
|ap_return_103  |  out|   15|  ap_ctrl_hs|  relu<ap_fixed<16, 6, 5, 3, 0>, ap_fixed<16, 6, 5, 3, 0>, relu_config7>|  return value|
|ap_return_104  |  out|   15|  ap_ctrl_hs|  relu<ap_fixed<16, 6, 5, 3, 0>, ap_fixed<16, 6, 5, 3, 0>, relu_config7>|  return value|
|ap_return_105  |  out|   15|  ap_ctrl_hs|  relu<ap_fixed<16, 6, 5, 3, 0>, ap_fixed<16, 6, 5, 3, 0>, relu_config7>|  return value|
|ap_return_106  |  out|   15|  ap_ctrl_hs|  relu<ap_fixed<16, 6, 5, 3, 0>, ap_fixed<16, 6, 5, 3, 0>, relu_config7>|  return value|
|ap_return_107  |  out|   15|  ap_ctrl_hs|  relu<ap_fixed<16, 6, 5, 3, 0>, ap_fixed<16, 6, 5, 3, 0>, relu_config7>|  return value|
|ap_return_108  |  out|   15|  ap_ctrl_hs|  relu<ap_fixed<16, 6, 5, 3, 0>, ap_fixed<16, 6, 5, 3, 0>, relu_config7>|  return value|
|ap_return_109  |  out|   15|  ap_ctrl_hs|  relu<ap_fixed<16, 6, 5, 3, 0>, ap_fixed<16, 6, 5, 3, 0>, relu_config7>|  return value|
|ap_return_110  |  out|   15|  ap_ctrl_hs|  relu<ap_fixed<16, 6, 5, 3, 0>, ap_fixed<16, 6, 5, 3, 0>, relu_config7>|  return value|
|ap_return_111  |  out|   15|  ap_ctrl_hs|  relu<ap_fixed<16, 6, 5, 3, 0>, ap_fixed<16, 6, 5, 3, 0>, relu_config7>|  return value|
|ap_return_112  |  out|   15|  ap_ctrl_hs|  relu<ap_fixed<16, 6, 5, 3, 0>, ap_fixed<16, 6, 5, 3, 0>, relu_config7>|  return value|
|ap_return_113  |  out|   15|  ap_ctrl_hs|  relu<ap_fixed<16, 6, 5, 3, 0>, ap_fixed<16, 6, 5, 3, 0>, relu_config7>|  return value|
|ap_return_114  |  out|   15|  ap_ctrl_hs|  relu<ap_fixed<16, 6, 5, 3, 0>, ap_fixed<16, 6, 5, 3, 0>, relu_config7>|  return value|
|ap_return_115  |  out|   15|  ap_ctrl_hs|  relu<ap_fixed<16, 6, 5, 3, 0>, ap_fixed<16, 6, 5, 3, 0>, relu_config7>|  return value|
|ap_return_116  |  out|   15|  ap_ctrl_hs|  relu<ap_fixed<16, 6, 5, 3, 0>, ap_fixed<16, 6, 5, 3, 0>, relu_config7>|  return value|
|ap_return_117  |  out|   15|  ap_ctrl_hs|  relu<ap_fixed<16, 6, 5, 3, 0>, ap_fixed<16, 6, 5, 3, 0>, relu_config7>|  return value|
|ap_return_118  |  out|   15|  ap_ctrl_hs|  relu<ap_fixed<16, 6, 5, 3, 0>, ap_fixed<16, 6, 5, 3, 0>, relu_config7>|  return value|
|ap_return_119  |  out|   15|  ap_ctrl_hs|  relu<ap_fixed<16, 6, 5, 3, 0>, ap_fixed<16, 6, 5, 3, 0>, relu_config7>|  return value|
|ap_return_120  |  out|   15|  ap_ctrl_hs|  relu<ap_fixed<16, 6, 5, 3, 0>, ap_fixed<16, 6, 5, 3, 0>, relu_config7>|  return value|
|ap_return_121  |  out|   15|  ap_ctrl_hs|  relu<ap_fixed<16, 6, 5, 3, 0>, ap_fixed<16, 6, 5, 3, 0>, relu_config7>|  return value|
|ap_return_122  |  out|   15|  ap_ctrl_hs|  relu<ap_fixed<16, 6, 5, 3, 0>, ap_fixed<16, 6, 5, 3, 0>, relu_config7>|  return value|
|ap_return_123  |  out|   15|  ap_ctrl_hs|  relu<ap_fixed<16, 6, 5, 3, 0>, ap_fixed<16, 6, 5, 3, 0>, relu_config7>|  return value|
|ap_return_124  |  out|   15|  ap_ctrl_hs|  relu<ap_fixed<16, 6, 5, 3, 0>, ap_fixed<16, 6, 5, 3, 0>, relu_config7>|  return value|
|ap_return_125  |  out|   15|  ap_ctrl_hs|  relu<ap_fixed<16, 6, 5, 3, 0>, ap_fixed<16, 6, 5, 3, 0>, relu_config7>|  return value|
|ap_return_126  |  out|   15|  ap_ctrl_hs|  relu<ap_fixed<16, 6, 5, 3, 0>, ap_fixed<16, 6, 5, 3, 0>, relu_config7>|  return value|
|ap_return_127  |  out|   15|  ap_ctrl_hs|  relu<ap_fixed<16, 6, 5, 3, 0>, ap_fixed<16, 6, 5, 3, 0>, relu_config7>|  return value|
|p_read         |   in|   16|     ap_none|                                                                  p_read|        scalar|
|p_read1        |   in|   16|     ap_none|                                                                 p_read1|        scalar|
|p_read2        |   in|   16|     ap_none|                                                                 p_read2|        scalar|
|p_read3        |   in|   16|     ap_none|                                                                 p_read3|        scalar|
|p_read4        |   in|   16|     ap_none|                                                                 p_read4|        scalar|
|p_read5        |   in|   16|     ap_none|                                                                 p_read5|        scalar|
|p_read6        |   in|   16|     ap_none|                                                                 p_read6|        scalar|
|p_read7        |   in|   16|     ap_none|                                                                 p_read7|        scalar|
|p_read8        |   in|   16|     ap_none|                                                                 p_read8|        scalar|
|p_read9        |   in|   16|     ap_none|                                                                 p_read9|        scalar|
|p_read10       |   in|   16|     ap_none|                                                                p_read10|        scalar|
|p_read11       |   in|   16|     ap_none|                                                                p_read11|        scalar|
|p_read12       |   in|   16|     ap_none|                                                                p_read12|        scalar|
|p_read13       |   in|   16|     ap_none|                                                                p_read13|        scalar|
|p_read14       |   in|   16|     ap_none|                                                                p_read14|        scalar|
|p_read15       |   in|   16|     ap_none|                                                                p_read15|        scalar|
|p_read16       |   in|   16|     ap_none|                                                                p_read16|        scalar|
|p_read17       |   in|   16|     ap_none|                                                                p_read17|        scalar|
|p_read18       |   in|   16|     ap_none|                                                                p_read18|        scalar|
|p_read19       |   in|   16|     ap_none|                                                                p_read19|        scalar|
|p_read20       |   in|   16|     ap_none|                                                                p_read20|        scalar|
|p_read21       |   in|   16|     ap_none|                                                                p_read21|        scalar|
|p_read22       |   in|   16|     ap_none|                                                                p_read22|        scalar|
|p_read23       |   in|   16|     ap_none|                                                                p_read23|        scalar|
|p_read24       |   in|   16|     ap_none|                                                                p_read24|        scalar|
|p_read25       |   in|   16|     ap_none|                                                                p_read25|        scalar|
|p_read26       |   in|   16|     ap_none|                                                                p_read26|        scalar|
|p_read27       |   in|   16|     ap_none|                                                                p_read27|        scalar|
|p_read28       |   in|   16|     ap_none|                                                                p_read28|        scalar|
|p_read29       |   in|   16|     ap_none|                                                                p_read29|        scalar|
|p_read30       |   in|   16|     ap_none|                                                                p_read30|        scalar|
|p_read31       |   in|   16|     ap_none|                                                                p_read31|        scalar|
|p_read32       |   in|   16|     ap_none|                                                                p_read32|        scalar|
|p_read33       |   in|   16|     ap_none|                                                                p_read33|        scalar|
|p_read34       |   in|   16|     ap_none|                                                                p_read34|        scalar|
|p_read35       |   in|   16|     ap_none|                                                                p_read35|        scalar|
|p_read36       |   in|   16|     ap_none|                                                                p_read36|        scalar|
|p_read37       |   in|   16|     ap_none|                                                                p_read37|        scalar|
|p_read38       |   in|   16|     ap_none|                                                                p_read38|        scalar|
|p_read39       |   in|   16|     ap_none|                                                                p_read39|        scalar|
|p_read40       |   in|   16|     ap_none|                                                                p_read40|        scalar|
|p_read41       |   in|   16|     ap_none|                                                                p_read41|        scalar|
|p_read42       |   in|   16|     ap_none|                                                                p_read42|        scalar|
|p_read43       |   in|   16|     ap_none|                                                                p_read43|        scalar|
|p_read44       |   in|   16|     ap_none|                                                                p_read44|        scalar|
|p_read45       |   in|   16|     ap_none|                                                                p_read45|        scalar|
|p_read46       |   in|   16|     ap_none|                                                                p_read46|        scalar|
|p_read47       |   in|   16|     ap_none|                                                                p_read47|        scalar|
|p_read48       |   in|   16|     ap_none|                                                                p_read48|        scalar|
|p_read49       |   in|   16|     ap_none|                                                                p_read49|        scalar|
|p_read50       |   in|   16|     ap_none|                                                                p_read50|        scalar|
|p_read51       |   in|   16|     ap_none|                                                                p_read51|        scalar|
|p_read52       |   in|   16|     ap_none|                                                                p_read52|        scalar|
|p_read53       |   in|   16|     ap_none|                                                                p_read53|        scalar|
|p_read54       |   in|   16|     ap_none|                                                                p_read54|        scalar|
|p_read55       |   in|   16|     ap_none|                                                                p_read55|        scalar|
|p_read56       |   in|   16|     ap_none|                                                                p_read56|        scalar|
|p_read57       |   in|   16|     ap_none|                                                                p_read57|        scalar|
|p_read58       |   in|   16|     ap_none|                                                                p_read58|        scalar|
|p_read59       |   in|   16|     ap_none|                                                                p_read59|        scalar|
|p_read60       |   in|   16|     ap_none|                                                                p_read60|        scalar|
|p_read61       |   in|   16|     ap_none|                                                                p_read61|        scalar|
|p_read62       |   in|   16|     ap_none|                                                                p_read62|        scalar|
|p_read63       |   in|   16|     ap_none|                                                                p_read63|        scalar|
|p_read64       |   in|   16|     ap_none|                                                                p_read64|        scalar|
|p_read65       |   in|   16|     ap_none|                                                                p_read65|        scalar|
|p_read66       |   in|   16|     ap_none|                                                                p_read66|        scalar|
|p_read67       |   in|   16|     ap_none|                                                                p_read67|        scalar|
|p_read68       |   in|   16|     ap_none|                                                                p_read68|        scalar|
|p_read69       |   in|   16|     ap_none|                                                                p_read69|        scalar|
|p_read70       |   in|   16|     ap_none|                                                                p_read70|        scalar|
|p_read71       |   in|   16|     ap_none|                                                                p_read71|        scalar|
|p_read72       |   in|   16|     ap_none|                                                                p_read72|        scalar|
|p_read73       |   in|   16|     ap_none|                                                                p_read73|        scalar|
|p_read74       |   in|   16|     ap_none|                                                                p_read74|        scalar|
|p_read75       |   in|   16|     ap_none|                                                                p_read75|        scalar|
|p_read76       |   in|   16|     ap_none|                                                                p_read76|        scalar|
|p_read77       |   in|   16|     ap_none|                                                                p_read77|        scalar|
|p_read78       |   in|   16|     ap_none|                                                                p_read78|        scalar|
|p_read79       |   in|   16|     ap_none|                                                                p_read79|        scalar|
|p_read80       |   in|   16|     ap_none|                                                                p_read80|        scalar|
|p_read81       |   in|   16|     ap_none|                                                                p_read81|        scalar|
|p_read82       |   in|   16|     ap_none|                                                                p_read82|        scalar|
|p_read83       |   in|   16|     ap_none|                                                                p_read83|        scalar|
|p_read84       |   in|   16|     ap_none|                                                                p_read84|        scalar|
|p_read85       |   in|   16|     ap_none|                                                                p_read85|        scalar|
|p_read86       |   in|   16|     ap_none|                                                                p_read86|        scalar|
|p_read87       |   in|   16|     ap_none|                                                                p_read87|        scalar|
|p_read88       |   in|   16|     ap_none|                                                                p_read88|        scalar|
|p_read89       |   in|   16|     ap_none|                                                                p_read89|        scalar|
|p_read90       |   in|   16|     ap_none|                                                                p_read90|        scalar|
|p_read91       |   in|   16|     ap_none|                                                                p_read91|        scalar|
|p_read92       |   in|   16|     ap_none|                                                                p_read92|        scalar|
|p_read93       |   in|   16|     ap_none|                                                                p_read93|        scalar|
|p_read94       |   in|   16|     ap_none|                                                                p_read94|        scalar|
|p_read95       |   in|   16|     ap_none|                                                                p_read95|        scalar|
|p_read96       |   in|   16|     ap_none|                                                                p_read96|        scalar|
|p_read97       |   in|   16|     ap_none|                                                                p_read97|        scalar|
|p_read98       |   in|   16|     ap_none|                                                                p_read98|        scalar|
|p_read99       |   in|   16|     ap_none|                                                                p_read99|        scalar|
|p_read100      |   in|   16|     ap_none|                                                               p_read100|        scalar|
|p_read101      |   in|   16|     ap_none|                                                               p_read101|        scalar|
|p_read102      |   in|   16|     ap_none|                                                               p_read102|        scalar|
|p_read103      |   in|   16|     ap_none|                                                               p_read103|        scalar|
|p_read104      |   in|   16|     ap_none|                                                               p_read104|        scalar|
|p_read105      |   in|   16|     ap_none|                                                               p_read105|        scalar|
|p_read106      |   in|   16|     ap_none|                                                               p_read106|        scalar|
|p_read107      |   in|   16|     ap_none|                                                               p_read107|        scalar|
|p_read108      |   in|   16|     ap_none|                                                               p_read108|        scalar|
|p_read109      |   in|   16|     ap_none|                                                               p_read109|        scalar|
|p_read110      |   in|   16|     ap_none|                                                               p_read110|        scalar|
|p_read111      |   in|   16|     ap_none|                                                               p_read111|        scalar|
|p_read112      |   in|   16|     ap_none|                                                               p_read112|        scalar|
|p_read113      |   in|   16|     ap_none|                                                               p_read113|        scalar|
|p_read114      |   in|   16|     ap_none|                                                               p_read114|        scalar|
|p_read115      |   in|   16|     ap_none|                                                               p_read115|        scalar|
|p_read116      |   in|   16|     ap_none|                                                               p_read116|        scalar|
|p_read117      |   in|   16|     ap_none|                                                               p_read117|        scalar|
|p_read118      |   in|   16|     ap_none|                                                               p_read118|        scalar|
|p_read119      |   in|   16|     ap_none|                                                               p_read119|        scalar|
|p_read120      |   in|   16|     ap_none|                                                               p_read120|        scalar|
|p_read121      |   in|   16|     ap_none|                                                               p_read121|        scalar|
|p_read122      |   in|   16|     ap_none|                                                               p_read122|        scalar|
|p_read123      |   in|   16|     ap_none|                                                               p_read123|        scalar|
|p_read124      |   in|   16|     ap_none|                                                               p_read124|        scalar|
|p_read125      |   in|   16|     ap_none|                                                               p_read125|        scalar|
|p_read126      |   in|   16|     ap_none|                                                               p_read126|        scalar|
|p_read127      |   in|   16|     ap_none|                                                               p_read127|        scalar|
+---------------+-----+-----+------------+------------------------------------------------------------------------+--------------+

