

================================================================
== Vitis HLS Report for 'relu_ap_fixed_16_6_5_3_0_ap_fixed_16_6_5_3_0_relu_config9_s'
================================================================
* Date:           Fri Mar 27 01:14:57 2026

* Version:        2025.2 (Build 6295257 on Nov 14 2025)
* Project:        myproject
* Solution:       hls (Vivado IP Flow Target)
* Product family: virtexuplus
* Target device:  xcvu19p-fsva3824-2-e


================================================================
== Performance Estimates
================================================================
+ Timing: 
    * Summary: 
    +--------+----------+----------+------------+
    |  Clock |  Target  | Estimated| Uncertainty|
    +--------+----------+----------+------------+
    |ap_clk  |  10.00 ns|  2.424 ns|     2.70 ns|
    +--------+----------+----------+------------+

+ Latency: 
    * Summary: 
    +---------+---------+----------+----------+-----+-----+---------+
    |  Latency (cycles) |  Latency (absolute) |  Interval | Pipeline|
    |   min   |   max   |    min   |    max   | min | max |   Type  |
    +---------+---------+----------+----------+-----+-----+---------+
    |        0|        0|      0 ns|      0 ns|    1|    1|      yes|
    +---------+---------+----------+----------+-----+-----+---------+

    + Detail: 
        * Instance: 
        N/A

        * Loop: 
        N/A



================================================================
== Utilization Estimates
================================================================
* Summary: 
+---------------------+---------+------+---------+---------+-----+
|         Name        | BRAM_18K|  DSP |    FF   |   LUT   | URAM|
+---------------------+---------+------+---------+---------+-----+
|DSP                  |        -|     -|        -|        -|    -|
|Expression           |        -|     -|        0|     2434|    -|
|FIFO                 |        -|     -|        -|        -|    -|
|Instance             |        -|     -|        -|        -|    -|
|Memory               |        -|     -|        -|        -|    -|
|Multiplexer          |        -|     -|        0|      585|    -|
|Register             |        -|     -|      962|        -|    -|
+---------------------+---------+------+---------+---------+-----+
|Total                |        0|     0|      962|     3019|    0|
+---------------------+---------+------+---------+---------+-----+
|Available SLR        |     1080|   960|  2042880|  1021440|   80|
+---------------------+---------+------+---------+---------+-----+
|Utilization SLR (%)  |        0|     0|       ~0|       ~0|    0|
+---------------------+---------+------+---------+---------+-----+
|Available            |     4320|  3840|  8171520|  4085760|  320|
+---------------------+---------+------+---------+---------+-----+
|Utilization (%)      |        0|     0|       ~0|       ~0|    0|
+---------------------+---------+------+---------+---------+-----+

+ Detail: 
    * Instance: 
    N/A

    * DSP: 
    N/A

    * Memory: 
    N/A

    * FIFO: 
    N/A

    * Expression: 
    +---------------------------+----------+----+---+----+------------+------------+
    |       Variable Name       | Operation| DSP| FF| LUT| Bitwidth P0| Bitwidth P1|
    +---------------------------+----------+----+---+----+------------+------------+
    |icmp_ln45_10_fu_924_p2     |      icmp|   0|  0|  23|          16|           1|
    |icmp_ln45_11_fu_938_p2     |      icmp|   0|  0|  23|          16|           1|
    |icmp_ln45_12_fu_952_p2     |      icmp|   0|  0|  23|          16|           1|
    |icmp_ln45_13_fu_966_p2     |      icmp|   0|  0|  23|          16|           1|
    |icmp_ln45_14_fu_980_p2     |      icmp|   0|  0|  23|          16|           1|
    |icmp_ln45_15_fu_994_p2     |      icmp|   0|  0|  23|          16|           1|
    |icmp_ln45_16_fu_1008_p2    |      icmp|   0|  0|  23|          16|           1|
    |icmp_ln45_17_fu_1022_p2    |      icmp|   0|  0|  23|          16|           1|
    |icmp_ln45_18_fu_1036_p2    |      icmp|   0|  0|  23|          16|           1|
    |icmp_ln45_19_fu_1050_p2    |      icmp|   0|  0|  23|          16|           1|
    |icmp_ln45_1_fu_798_p2      |      icmp|   0|  0|  23|          16|           1|
    |icmp_ln45_20_fu_1064_p2    |      icmp|   0|  0|  23|          16|           1|
    |icmp_ln45_21_fu_1078_p2    |      icmp|   0|  0|  23|          16|           1|
    |icmp_ln45_22_fu_1092_p2    |      icmp|   0|  0|  23|          16|           1|
    |icmp_ln45_23_fu_1106_p2    |      icmp|   0|  0|  23|          16|           1|
    |icmp_ln45_24_fu_1120_p2    |      icmp|   0|  0|  23|          16|           1|
    |icmp_ln45_25_fu_1134_p2    |      icmp|   0|  0|  23|          16|           1|
    |icmp_ln45_26_fu_1148_p2    |      icmp|   0|  0|  23|          16|           1|
    |icmp_ln45_27_fu_1162_p2    |      icmp|   0|  0|  23|          16|           1|
    |icmp_ln45_28_fu_1176_p2    |      icmp|   0|  0|  23|          16|           1|
    |icmp_ln45_29_fu_1190_p2    |      icmp|   0|  0|  23|          16|           1|
    |icmp_ln45_2_fu_812_p2      |      icmp|   0|  0|  23|          16|           1|
    |icmp_ln45_30_fu_1204_p2    |      icmp|   0|  0|  23|          16|           1|
    |icmp_ln45_31_fu_1218_p2    |      icmp|   0|  0|  23|          16|           1|
    |icmp_ln45_32_fu_1232_p2    |      icmp|   0|  0|  23|          16|           1|
    |icmp_ln45_33_fu_1246_p2    |      icmp|   0|  0|  23|          16|           1|
    |icmp_ln45_34_fu_1260_p2    |      icmp|   0|  0|  23|          16|           1|
    |icmp_ln45_35_fu_1274_p2    |      icmp|   0|  0|  23|          16|           1|
    |icmp_ln45_36_fu_1288_p2    |      icmp|   0|  0|  23|          16|           1|
    |icmp_ln45_37_fu_1302_p2    |      icmp|   0|  0|  23|          16|           1|
    |icmp_ln45_38_fu_1316_p2    |      icmp|   0|  0|  23|          16|           1|
    |icmp_ln45_39_fu_1330_p2    |      icmp|   0|  0|  23|          16|           1|
    |icmp_ln45_3_fu_826_p2      |      icmp|   0|  0|  23|          16|           1|
    |icmp_ln45_40_fu_1344_p2    |      icmp|   0|  0|  23|          16|           1|
    |icmp_ln45_41_fu_1358_p2    |      icmp|   0|  0|  23|          16|           1|
    |icmp_ln45_42_fu_1372_p2    |      icmp|   0|  0|  23|          16|           1|
    |icmp_ln45_43_fu_1386_p2    |      icmp|   0|  0|  23|          16|           1|
    |icmp_ln45_44_fu_1400_p2    |      icmp|   0|  0|  23|          16|           1|
    |icmp_ln45_45_fu_1414_p2    |      icmp|   0|  0|  23|          16|           1|
    |icmp_ln45_46_fu_1428_p2    |      icmp|   0|  0|  23|          16|           1|
    |icmp_ln45_47_fu_1442_p2    |      icmp|   0|  0|  23|          16|           1|
    |icmp_ln45_48_fu_1456_p2    |      icmp|   0|  0|  23|          16|           1|
    |icmp_ln45_49_fu_1470_p2    |      icmp|   0|  0|  23|          16|           1|
    |icmp_ln45_4_fu_840_p2      |      icmp|   0|  0|  23|          16|           1|
    |icmp_ln45_50_fu_1484_p2    |      icmp|   0|  0|  23|          16|           1|
    |icmp_ln45_51_fu_1498_p2    |      icmp|   0|  0|  23|          16|           1|
    |icmp_ln45_52_fu_1512_p2    |      icmp|   0|  0|  23|          16|           1|
    |icmp_ln45_53_fu_1526_p2    |      icmp|   0|  0|  23|          16|           1|
    |icmp_ln45_54_fu_1540_p2    |      icmp|   0|  0|  23|          16|           1|
    |icmp_ln45_55_fu_1554_p2    |      icmp|   0|  0|  23|          16|           1|
    |icmp_ln45_56_fu_1568_p2    |      icmp|   0|  0|  23|          16|           1|
    |icmp_ln45_57_fu_1582_p2    |      icmp|   0|  0|  23|          16|           1|
    |icmp_ln45_58_fu_1596_p2    |      icmp|   0|  0|  23|          16|           1|
    |icmp_ln45_59_fu_1610_p2    |      icmp|   0|  0|  23|          16|           1|
    |icmp_ln45_5_fu_854_p2      |      icmp|   0|  0|  23|          16|           1|
    |icmp_ln45_60_fu_1624_p2    |      icmp|   0|  0|  23|          16|           1|
    |icmp_ln45_61_fu_1638_p2    |      icmp|   0|  0|  23|          16|           1|
    |icmp_ln45_62_fu_1652_p2    |      icmp|   0|  0|  23|          16|           1|
    |icmp_ln45_63_fu_1666_p2    |      icmp|   0|  0|  23|          16|           1|
    |icmp_ln45_6_fu_868_p2      |      icmp|   0|  0|  23|          16|           1|
    |icmp_ln45_7_fu_882_p2      |      icmp|   0|  0|  23|          16|           1|
    |icmp_ln45_8_fu_896_p2      |      icmp|   0|  0|  23|          16|           1|
    |icmp_ln45_9_fu_910_p2      |      icmp|   0|  0|  23|          16|           1|
    |icmp_ln45_fu_784_p2        |      icmp|   0|  0|  23|          16|           1|
    |ap_block_state1            |        or|   0|  0|   2|           1|           1|
    |select_ln45_10_fu_930_p3   |    select|   0|  0|  15|           1|          15|
    |select_ln45_11_fu_944_p3   |    select|   0|  0|  15|           1|          15|
    |select_ln45_12_fu_958_p3   |    select|   0|  0|  15|           1|          15|
    |select_ln45_13_fu_972_p3   |    select|   0|  0|  15|           1|          15|
    |select_ln45_14_fu_986_p3   |    select|   0|  0|  15|           1|          15|
    |select_ln45_15_fu_1000_p3  |    select|   0|  0|  15|           1|          15|
    |select_ln45_16_fu_1014_p3  |    select|   0|  0|  15|           1|          15|
    |select_ln45_17_fu_1028_p3  |    select|   0|  0|  15|           1|          15|
    |select_ln45_18_fu_1042_p3  |    select|   0|  0|  15|           1|          15|
    |select_ln45_19_fu_1056_p3  |    select|   0|  0|  15|           1|          15|
    |select_ln45_1_fu_804_p3    |    select|   0|  0|  15|           1|          15|
    |select_ln45_20_fu_1070_p3  |    select|   0|  0|  15|           1|          15|
    |select_ln45_21_fu_1084_p3  |    select|   0|  0|  15|           1|          15|
    |select_ln45_22_fu_1098_p3  |    select|   0|  0|  15|           1|          15|
    |select_ln45_23_fu_1112_p3  |    select|   0|  0|  15|           1|          15|
    |select_ln45_24_fu_1126_p3  |    select|   0|  0|  15|           1|          15|
    |select_ln45_25_fu_1140_p3  |    select|   0|  0|  15|           1|          15|
    |select_ln45_26_fu_1154_p3  |    select|   0|  0|  15|           1|          15|
    |select_ln45_27_fu_1168_p3  |    select|   0|  0|  15|           1|          15|
    |select_ln45_28_fu_1182_p3  |    select|   0|  0|  15|           1|          15|
    |select_ln45_29_fu_1196_p3  |    select|   0|  0|  15|           1|          15|
    |select_ln45_2_fu_818_p3    |    select|   0|  0|  15|           1|          15|
    |select_ln45_30_fu_1210_p3  |    select|   0|  0|  15|           1|          15|
    |select_ln45_31_fu_1224_p3  |    select|   0|  0|  15|           1|          15|
    |select_ln45_32_fu_1238_p3  |    select|   0|  0|  15|           1|          15|
    |select_ln45_33_fu_1252_p3  |    select|   0|  0|  15|           1|          15|
    |select_ln45_34_fu_1266_p3  |    select|   0|  0|  15|           1|          15|
    |select_ln45_35_fu_1280_p3  |    select|   0|  0|  15|           1|          15|
    |select_ln45_36_fu_1294_p3  |    select|   0|  0|  15|           1|          15|
    |select_ln45_37_fu_1308_p3  |    select|   0|  0|  15|           1|          15|
    |select_ln45_38_fu_1322_p3  |    select|   0|  0|  15|           1|          15|
    |select_ln45_39_fu_1336_p3  |    select|   0|  0|  15|           1|          15|
    |select_ln45_3_fu_832_p3    |    select|   0|  0|  15|           1|          15|
    |select_ln45_40_fu_1350_p3  |    select|   0|  0|  15|           1|          15|
    |select_ln45_41_fu_1364_p3  |    select|   0|  0|  15|           1|          15|
    |select_ln45_42_fu_1378_p3  |    select|   0|  0|  15|           1|          15|
    |select_ln45_43_fu_1392_p3  |    select|   0|  0|  15|           1|          15|
    |select_ln45_44_fu_1406_p3  |    select|   0|  0|  15|           1|          15|
    |select_ln45_45_fu_1420_p3  |    select|   0|  0|  15|           1|          15|
    |select_ln45_46_fu_1434_p3  |    select|   0|  0|  15|           1|          15|
    |select_ln45_47_fu_1448_p3  |    select|   0|  0|  15|           1|          15|
    |select_ln45_48_fu_1462_p3  |    select|   0|  0|  15|           1|          15|
    |select_ln45_49_fu_1476_p3  |    select|   0|  0|  15|           1|          15|
    |select_ln45_4_fu_846_p3    |    select|   0|  0|  15|           1|          15|
    |select_ln45_50_fu_1490_p3  |    select|   0|  0|  15|           1|          15|
    |select_ln45_51_fu_1504_p3  |    select|   0|  0|  15|           1|          15|
    |select_ln45_52_fu_1518_p3  |    select|   0|  0|  15|           1|          15|
    |select_ln45_53_fu_1532_p3  |    select|   0|  0|  15|           1|          15|
    |select_ln45_54_fu_1546_p3  |    select|   0|  0|  15|           1|          15|
    |select_ln45_55_fu_1560_p3  |    select|   0|  0|  15|           1|          15|
    |select_ln45_56_fu_1574_p3  |    select|   0|  0|  15|           1|          15|
    |select_ln45_57_fu_1588_p3  |    select|   0|  0|  15|           1|          15|
    |select_ln45_58_fu_1602_p3  |    select|   0|  0|  15|           1|          15|
    |select_ln45_59_fu_1616_p3  |    select|   0|  0|  15|           1|          15|
    |select_ln45_5_fu_860_p3    |    select|   0|  0|  15|           1|          15|
    |select_ln45_60_fu_1630_p3  |    select|   0|  0|  15|           1|          15|
    |select_ln45_61_fu_1644_p3  |    select|   0|  0|  15|           1|          15|
    |select_ln45_62_fu_1658_p3  |    select|   0|  0|  15|           1|          15|
    |select_ln45_63_fu_1672_p3  |    select|   0|  0|  15|           1|          15|
    |select_ln45_6_fu_874_p3    |    select|   0|  0|  15|           1|          15|
    |select_ln45_7_fu_888_p3    |    select|   0|  0|  15|           1|          15|
    |select_ln45_8_fu_902_p3    |    select|   0|  0|  15|           1|          15|
    |select_ln45_9_fu_916_p3    |    select|   0|  0|  15|           1|          15|
    |select_ln45_fu_790_p3      |    select|   0|  0|  15|           1|          15|
    +---------------------------+----------+----+---+----+------------+------------+
    |Total                      |          |   0|  0|2434|        1089|        1025|
    +---------------------------+----------+----+---+----+------------+------------+

    * Multiplexer: 
    +--------------+----+-----------+-----+-----------+
    |     Name     | LUT| Input Size| Bits| Total Bits|
    +--------------+----+-----------+-----+-----------+
    |ap_done       |   9|          2|    1|          2|
    |ap_return_0   |   9|          2|   15|         30|
    |ap_return_1   |   9|          2|   15|         30|
    |ap_return_10  |   9|          2|   15|         30|
    |ap_return_11  |   9|          2|   15|         30|
    |ap_return_12  |   9|          2|   15|         30|
    |ap_return_13  |   9|          2|   15|         30|
    |ap_return_14  |   9|          2|   15|         30|
    |ap_return_15  |   9|          2|   15|         30|
    |ap_return_16  |   9|          2|   15|         30|
    |ap_return_17  |   9|          2|   15|         30|
    |ap_return_18  |   9|          2|   15|         30|
    |ap_return_19  |   9|          2|   15|         30|
    |ap_return_2   |   9|          2|   15|         30|
    |ap_return_20  |   9|          2|   15|         30|
    |ap_return_21  |   9|          2|   15|         30|
    |ap_return_22  |   9|          2|   15|         30|
    |ap_return_23  |   9|          2|   15|         30|
    |ap_return_24  |   9|          2|   15|         30|
    |ap_return_25  |   9|          2|   15|         30|
    |ap_return_26  |   9|          2|   15|         30|
    |ap_return_27  |   9|          2|   15|         30|
    |ap_return_28  |   9|          2|   15|         30|
    |ap_return_29  |   9|          2|   15|         30|
    |ap_return_3   |   9|          2|   15|         30|
    |ap_return_30  |   9|          2|   15|         30|
    |ap_return_31  |   9|          2|   15|         30|
    |ap_return_32  |   9|          2|   15|         30|
    |ap_return_33  |   9|          2|   15|         30|
    |ap_return_34  |   9|          2|   15|         30|
    |ap_return_35  |   9|          2|   15|         30|
    |ap_return_36  |   9|          2|   15|         30|
    |ap_return_37  |   9|          2|   15|         30|
    |ap_return_38  |   9|          2|   15|         30|
    |ap_return_39  |   9|          2|   15|         30|
    |ap_return_4   |   9|          2|   15|         30|
    |ap_return_40  |   9|          2|   15|         30|
    |ap_return_41  |   9|          2|   15|         30|
    |ap_return_42  |   9|          2|   15|         30|
    |ap_return_43  |   9|          2|   15|         30|
    |ap_return_44  |   9|          2|   15|         30|
    |ap_return_45  |   9|          2|   15|         30|
    |ap_return_46  |   9|          2|   15|         30|
    |ap_return_47  |   9|          2|   15|         30|
    |ap_return_48  |   9|          2|   15|         30|
    |ap_return_49  |   9|          2|   15|         30|
    |ap_return_5   |   9|          2|   15|         30|
    |ap_return_50  |   9|          2|   15|         30|
    |ap_return_51  |   9|          2|   15|         30|
    |ap_return_52  |   9|          2|   15|         30|
    |ap_return_53  |   9|          2|   15|         30|
    |ap_return_54  |   9|          2|   15|         30|
    |ap_return_55  |   9|          2|   15|         30|
    |ap_return_56  |   9|          2|   15|         30|
    |ap_return_57  |   9|          2|   15|         30|
    |ap_return_58  |   9|          2|   15|         30|
    |ap_return_59  |   9|          2|   15|         30|
    |ap_return_6   |   9|          2|   15|         30|
    |ap_return_60  |   9|          2|   15|         30|
    |ap_return_61  |   9|          2|   15|         30|
    |ap_return_62  |   9|          2|   15|         30|
    |ap_return_63  |   9|          2|   15|         30|
    |ap_return_7   |   9|          2|   15|         30|
    |ap_return_8   |   9|          2|   15|         30|
    |ap_return_9   |   9|          2|   15|         30|
    +--------------+----+-----------+-----+-----------+
    |Total         | 585|        130|  961|       1922|
    +--------------+----+-----------+-----+-----------+

    * Register: 
    +-------------------+----+----+-----+-----------+
    |        Name       | FF | LUT| Bits| Const Bits|
    +-------------------+----+----+-----+-----------+
    |ap_CS_fsm          |   1|   0|    1|          0|
    |ap_done_reg        |   1|   0|    1|          0|
    |ap_return_0_preg   |  15|   0|   15|          0|
    |ap_return_10_preg  |  15|   0|   15|          0|
    |ap_return_11_preg  |  15|   0|   15|          0|
    |ap_return_12_preg  |  15|   0|   15|          0|
    |ap_return_13_preg  |  15|   0|   15|          0|
    |ap_return_14_preg  |  15|   0|   15|          0|
    |ap_return_15_preg  |  15|   0|   15|          0|
    |ap_return_16_preg  |  15|   0|   15|          0|
    |ap_return_17_preg  |  15|   0|   15|          0|
    |ap_return_18_preg  |  15|   0|   15|          0|
    |ap_return_19_preg  |  15|   0|   15|          0|
    |ap_return_1_preg   |  15|   0|   15|          0|
    |ap_return_20_preg  |  15|   0|   15|          0|
    |ap_return_21_preg  |  15|   0|   15|          0|
    |ap_return_22_preg  |  15|   0|   15|          0|
    |ap_return_23_preg  |  15|   0|   15|          0|
    |ap_return_24_preg  |  15|   0|   15|          0|
    |ap_return_25_preg  |  15|   0|   15|          0|
    |ap_return_26_preg  |  15|   0|   15|          0|
    |ap_return_27_preg  |  15|   0|   15|          0|
    |ap_return_28_preg  |  15|   0|   15|          0|
    |ap_return_29_preg  |  15|   0|   15|          0|
    |ap_return_2_preg   |  15|   0|   15|          0|
    |ap_return_30_preg  |  15|   0|   15|          0|
    |ap_return_31_preg  |  15|   0|   15|          0|
    |ap_return_32_preg  |  15|   0|   15|          0|
    |ap_return_33_preg  |  15|   0|   15|          0|
    |ap_return_34_preg  |  15|   0|   15|          0|
    |ap_return_35_preg  |  15|   0|   15|          0|
    |ap_return_36_preg  |  15|   0|   15|          0|
    |ap_return_37_preg  |  15|   0|   15|          0|
    |ap_return_38_preg  |  15|   0|   15|          0|
    |ap_return_39_preg  |  15|   0|   15|          0|
    |ap_return_3_preg   |  15|   0|   15|          0|
    |ap_return_40_preg  |  15|   0|   15|          0|
    |ap_return_41_preg  |  15|   0|   15|          0|
    |ap_return_42_preg  |  15|   0|   15|          0|
    |ap_return_43_preg  |  15|   0|   15|          0|
    |ap_return_44_preg  |  15|   0|   15|          0|
    |ap_return_45_preg  |  15|   0|   15|          0|
    |ap_return_46_preg  |  15|   0|   15|          0|
    |ap_return_47_preg  |  15|   0|   15|          0|
    |ap_return_48_preg  |  15|   0|   15|          0|
    |ap_return_49_preg  |  15|   0|   15|          0|
    |ap_return_4_preg   |  15|   0|   15|          0|
    |ap_return_50_preg  |  15|   0|   15|          0|
    |ap_return_51_preg  |  15|   0|   15|          0|
    |ap_return_52_preg  |  15|   0|   15|          0|
    |ap_return_53_preg  |  15|   0|   15|          0|
    |ap_return_54_preg  |  15|   0|   15|          0|
    |ap_return_55_preg  |  15|   0|   15|          0|
    |ap_return_56_preg  |  15|   0|   15|          0|
    |ap_return_57_preg  |  15|   0|   15|          0|
    |ap_return_58_preg  |  15|   0|   15|          0|
    |ap_return_59_preg  |  15|   0|   15|          0|
    |ap_return_5_preg   |  15|   0|   15|          0|
    |ap_return_60_preg  |  15|   0|   15|          0|
    |ap_return_61_preg  |  15|   0|   15|          0|
    |ap_return_62_preg  |  15|   0|   15|          0|
    |ap_return_63_preg  |  15|   0|   15|          0|
    |ap_return_6_preg   |  15|   0|   15|          0|
    |ap_return_7_preg   |  15|   0|   15|          0|
    |ap_return_8_preg   |  15|   0|   15|          0|
    |ap_return_9_preg   |  15|   0|   15|          0|
    +-------------------+----+----+-----+-----------+
    |Total              | 962|   0|  962|          0|
    +-------------------+----+----+-----+-----------+



================================================================
== Interface
================================================================
* Summary: 
+--------------+-----+-----+------------+------------------------------------------------------------------------+--------------+
|   RTL Ports  | Dir | Bits|  Protocol  |                              Source Object                             |    C Type    |
+--------------+-----+-----+------------+------------------------------------------------------------------------+--------------+
|ap_clk        |   in|    1|  ap_ctrl_hs|  relu<ap_fixed<16, 6, 5, 3, 0>, ap_fixed<16, 6, 5, 3, 0>, relu_config9>|  return value|
|ap_rst        |   in|    1|  ap_ctrl_hs|  relu<ap_fixed<16, 6, 5, 3, 0>, ap_fixed<16, 6, 5, 3, 0>, relu_config9>|  return value|
|ap_start      |   in|    1|  ap_ctrl_hs|  relu<ap_fixed<16, 6, 5, 3, 0>, ap_fixed<16, 6, 5, 3, 0>, relu_config9>|  return value|
|ap_done       |  out|    1|  ap_ctrl_hs|  relu<ap_fixed<16, 6, 5, 3, 0>, ap_fixed<16, 6, 5, 3, 0>, relu_config9>|  return value|
|ap_continue   |   in|    1|  ap_ctrl_hs|  relu<ap_fixed<16, 6, 5, 3, 0>, ap_fixed<16, 6, 5, 3, 0>, relu_config9>|  return value|
|ap_ce         |   in|    1|  ap_ctrl_hs|  relu<ap_fixed<16, 6, 5, 3, 0>, ap_fixed<16, 6, 5, 3, 0>, relu_config9>|  return value|
|ap_idle       |  out|    1|  ap_ctrl_hs|  relu<ap_fixed<16, 6, 5, 3, 0>, ap_fixed<16, 6, 5, 3, 0>, relu_config9>|  return value|
|ap_ready      |  out|    1|  ap_ctrl_hs|  relu<ap_fixed<16, 6, 5, 3, 0>, ap_fixed<16, 6, 5, 3, 0>, relu_config9>|  return value|
|ap_return_0   |  out|   15|  ap_ctrl_hs|  relu<ap_fixed<16, 6, 5, 3, 0>, ap_fixed<16, 6, 5, 3, 0>, relu_config9>|  return value|
|ap_return_1   |  out|   15|  ap_ctrl_hs|  relu<ap_fixed<16, 6, 5, 3, 0>, ap_fixed<16, 6, 5, 3, 0>, relu_config9>|  return value|
|ap_return_2   |  out|   15|  ap_ctrl_hs|  relu<ap_fixed<16, 6, 5, 3, 0>, ap_fixed<16, 6, 5, 3, 0>, relu_config9>|  return value|
|ap_return_3   |  out|   15|  ap_ctrl_hs|  relu<ap_fixed<16, 6, 5, 3, 0>, ap_fixed<16, 6, 5, 3, 0>, relu_config9>|  return value|
|ap_return_4   |  out|   15|  ap_ctrl_hs|  relu<ap_fixed<16, 6, 5, 3, 0>, ap_fixed<16, 6, 5, 3, 0>, relu_config9>|  return value|
|ap_return_5   |  out|   15|  ap_ctrl_hs|  relu<ap_fixed<16, 6, 5, 3, 0>, ap_fixed<16, 6, 5, 3, 0>, relu_config9>|  return value|
|ap_return_6   |  out|   15|  ap_ctrl_hs|  relu<ap_fixed<16, 6, 5, 3, 0>, ap_fixed<16, 6, 5, 3, 0>, relu_config9>|  return value|
|ap_return_7   |  out|   15|  ap_ctrl_hs|  relu<ap_fixed<16, 6, 5, 3, 0>, ap_fixed<16, 6, 5, 3, 0>, relu_config9>|  return value|
|ap_return_8   |  out|   15|  ap_ctrl_hs|  relu<ap_fixed<16, 6, 5, 3, 0>, ap_fixed<16, 6, 5, 3, 0>, relu_config9>|  return value|
|ap_return_9   |  out|   15|  ap_ctrl_hs|  relu<ap_fixed<16, 6, 5, 3, 0>, ap_fixed<16, 6, 5, 3, 0>, relu_config9>|  return value|
|ap_return_10  |  out|   15|  ap_ctrl_hs|  relu<ap_fixed<16, 6, 5, 3, 0>, ap_fixed<16, 6, 5, 3, 0>, relu_config9>|  return value|
|ap_return_11  |  out|   15|  ap_ctrl_hs|  relu<ap_fixed<16, 6, 5, 3, 0>, ap_fixed<16, 6, 5, 3, 0>, relu_config9>|  return value|
|ap_return_12  |  out|   15|  ap_ctrl_hs|  relu<ap_fixed<16, 6, 5, 3, 0>, ap_fixed<16, 6, 5, 3, 0>, relu_config9>|  return value|
|ap_return_13  |  out|   15|  ap_ctrl_hs|  relu<ap_fixed<16, 6, 5, 3, 0>, ap_fixed<16, 6, 5, 3, 0>, relu_config9>|  return value|
|ap_return_14  |  out|   15|  ap_ctrl_hs|  relu<ap_fixed<16, 6, 5, 3, 0>, ap_fixed<16, 6, 5, 3, 0>, relu_config9>|  return value|
|ap_return_15  |  out|   15|  ap_ctrl_hs|  relu<ap_fixed<16, 6, 5, 3, 0>, ap_fixed<16, 6, 5, 3, 0>, relu_config9>|  return value|
|ap_return_16  |  out|   15|  ap_ctrl_hs|  relu<ap_fixed<16, 6, 5, 3, 0>, ap_fixed<16, 6, 5, 3, 0>, relu_config9>|  return value|
|ap_return_17  |  out|   15|  ap_ctrl_hs|  relu<ap_fixed<16, 6, 5, 3, 0>, ap_fixed<16, 6, 5, 3, 0>, relu_config9>|  return value|
|ap_return_18  |  out|   15|  ap_ctrl_hs|  relu<ap_fixed<16, 6, 5, 3, 0>, ap_fixed<16, 6, 5, 3, 0>, relu_config9>|  return value|
|ap_return_19  |  out|   15|  ap_ctrl_hs|  relu<ap_fixed<16, 6, 5, 3, 0>, ap_fixed<16, 6, 5, 3, 0>, relu_config9>|  return value|
|ap_return_20  |  out|   15|  ap_ctrl_hs|  relu<ap_fixed<16, 6, 5, 3, 0>, ap_fixed<16, 6, 5, 3, 0>, relu_config9>|  return value|
|ap_return_21  |  out|   15|  ap_ctrl_hs|  relu<ap_fixed<16, 6, 5, 3, 0>, ap_fixed<16, 6, 5, 3, 0>, relu_config9>|  return value|
|ap_return_22  |  out|   15|  ap_ctrl_hs|  relu<ap_fixed<16, 6, 5, 3, 0>, ap_fixed<16, 6, 5, 3, 0>, relu_config9>|  return value|
|ap_return_23  |  out|   15|  ap_ctrl_hs|  relu<ap_fixed<16, 6, 5, 3, 0>, ap_fixed<16, 6, 5, 3, 0>, relu_config9>|  return value|
|ap_return_24  |  out|   15|  ap_ctrl_hs|  relu<ap_fixed<16, 6, 5, 3, 0>, ap_fixed<16, 6, 5, 3, 0>, relu_config9>|  return value|
|ap_return_25  |  out|   15|  ap_ctrl_hs|  relu<ap_fixed<16, 6, 5, 3, 0>, ap_fixed<16, 6, 5, 3, 0>, relu_config9>|  return value|
|ap_return_26  |  out|   15|  ap_ctrl_hs|  relu<ap_fixed<16, 6, 5, 3, 0>, ap_fixed<16, 6, 5, 3, 0>, relu_config9>|  return value|
|ap_return_27  |  out|   15|  ap_ctrl_hs|  relu<ap_fixed<16, 6, 5, 3, 0>, ap_fixed<16, 6, 5, 3, 0>, relu_config9>|  return value|
|ap_return_28  |  out|   15|  ap_ctrl_hs|  relu<ap_fixed<16, 6, 5, 3, 0>, ap_fixed<16, 6, 5, 3, 0>, relu_config9>|  return value|
|ap_return_29  |  out|   15|  ap_ctrl_hs|  relu<ap_fixed<16, 6, 5, 3, 0>, ap_fixed<16, 6, 5, 3, 0>, relu_config9>|  return value|
|ap_return_30  |  out|   15|  ap_ctrl_hs|  relu<ap_fixed<16, 6, 5, 3, 0>, ap_fixed<16, 6, 5, 3, 0>, relu_config9>|  return value|
|ap_return_31  |  out|   15|  ap_ctrl_hs|  relu<ap_fixed<16, 6, 5, 3, 0>, ap_fixed<16, 6, 5, 3, 0>, relu_config9>|  return value|
|ap_return_32  |  out|   15|  ap_ctrl_hs|  relu<ap_fixed<16, 6, 5, 3, 0>, ap_fixed<16, 6, 5, 3, 0>, relu_config9>|  return value|
|ap_return_33  |  out|   15|  ap_ctrl_hs|  relu<ap_fixed<16, 6, 5, 3, 0>, ap_fixed<16, 6, 5, 3, 0>, relu_config9>|  return value|
|ap_return_34  |  out|   15|  ap_ctrl_hs|  relu<ap_fixed<16, 6, 5, 3, 0>, ap_fixed<16, 6, 5, 3, 0>, relu_config9>|  return value|
|ap_return_35  |  out|   15|  ap_ctrl_hs|  relu<ap_fixed<16, 6, 5, 3, 0>, ap_fixed<16, 6, 5, 3, 0>, relu_config9>|  return value|
|ap_return_36  |  out|   15|  ap_ctrl_hs|  relu<ap_fixed<16, 6, 5, 3, 0>, ap_fixed<16, 6, 5, 3, 0>, relu_config9>|  return value|
|ap_return_37  |  out|   15|  ap_ctrl_hs|  relu<ap_fixed<16, 6, 5, 3, 0>, ap_fixed<16, 6, 5, 3, 0>, relu_config9>|  return value|
|ap_return_38  |  out|   15|  ap_ctrl_hs|  relu<ap_fixed<16, 6, 5, 3, 0>, ap_fixed<16, 6, 5, 3, 0>, relu_config9>|  return value|
|ap_return_39  |  out|   15|  ap_ctrl_hs|  relu<ap_fixed<16, 6, 5, 3, 0>, ap_fixed<16, 6, 5, 3, 0>, relu_config9>|  return value|
|ap_return_40  |  out|   15|  ap_ctrl_hs|  relu<ap_fixed<16, 6, 5, 3, 0>, ap_fixed<16, 6, 5, 3, 0>, relu_config9>|  return value|
|ap_return_41  |  out|   15|  ap_ctrl_hs|  relu<ap_fixed<16, 6, 5, 3, 0>, ap_fixed<16, 6, 5, 3, 0>, relu_config9>|  return value|
|ap_return_42  |  out|   15|  ap_ctrl_hs|  relu<ap_fixed<16, 6, 5, 3, 0>, ap_fixed<16, 6, 5, 3, 0>, relu_config9>|  return value|
|ap_return_43  |  out|   15|  ap_ctrl_hs|  relu<ap_fixed<16, 6, 5, 3, 0>, ap_fixed<16, 6, 5, 3, 0>, relu_config9>|  return value|
|ap_return_44  |  out|   15|  ap_ctrl_hs|  relu<ap_fixed<16, 6, 5, 3, 0>, ap_fixed<16, 6, 5, 3, 0>, relu_config9>|  return value|
|ap_return_45  |  out|   15|  ap_ctrl_hs|  relu<ap_fixed<16, 6, 5, 3, 0>, ap_fixed<16, 6, 5, 3, 0>, relu_config9>|  return value|
|ap_return_46  |  out|   15|  ap_ctrl_hs|  relu<ap_fixed<16, 6, 5, 3, 0>, ap_fixed<16, 6, 5, 3, 0>, relu_config9>|  return value|
|ap_return_47  |  out|   15|  ap_ctrl_hs|  relu<ap_fixed<16, 6, 5, 3, 0>, ap_fixed<16, 6, 5, 3, 0>, relu_config9>|  return value|
|ap_return_48  |  out|   15|  ap_ctrl_hs|  relu<ap_fixed<16, 6, 5, 3, 0>, ap_fixed<16, 6, 5, 3, 0>, relu_config9>|  return value|
|ap_return_49  |  out|   15|  ap_ctrl_hs|  relu<ap_fixed<16, 6, 5, 3, 0>, ap_fixed<16, 6, 5, 3, 0>, relu_config9>|  return value|
|ap_return_50  |  out|   15|  ap_ctrl_hs|  relu<ap_fixed<16, 6, 5, 3, 0>, ap_fixed<16, 6, 5, 3, 0>, relu_config9>|  return value|
|ap_return_51  |  out|   15|  ap_ctrl_hs|  relu<ap_fixed<16, 6, 5, 3, 0>, ap_fixed<16, 6, 5, 3, 0>, relu_config9>|  return value|
|ap_return_52  |  out|   15|  ap_ctrl_hs|  relu<ap_fixed<16, 6, 5, 3, 0>, ap_fixed<16, 6, 5, 3, 0>, relu_config9>|  return value|
|ap_return_53  |  out|   15|  ap_ctrl_hs|  relu<ap_fixed<16, 6, 5, 3, 0>, ap_fixed<16, 6, 5, 3, 0>, relu_config9>|  return value|
|ap_return_54  |  out|   15|  ap_ctrl_hs|  relu<ap_fixed<16, 6, 5, 3, 0>, ap_fixed<16, 6, 5, 3, 0>, relu_config9>|  return value|
|ap_return_55  |  out|   15|  ap_ctrl_hs|  relu<ap_fixed<16, 6, 5, 3, 0>, ap_fixed<16, 6, 5, 3, 0>, relu_config9>|  return value|
|ap_return_56  |  out|   15|  ap_ctrl_hs|  relu<ap_fixed<16, 6, 5, 3, 0>, ap_fixed<16, 6, 5, 3, 0>, relu_config9>|  return value|
|ap_return_57  |  out|   15|  ap_ctrl_hs|  relu<ap_fixed<16, 6, 5, 3, 0>, ap_fixed<16, 6, 5, 3, 0>, relu_config9>|  return value|
|ap_return_58  |  out|   15|  ap_ctrl_hs|  relu<ap_fixed<16, 6, 5, 3, 0>, ap_fixed<16, 6, 5, 3, 0>, relu_config9>|  return value|
|ap_return_59  |  out|   15|  ap_ctrl_hs|  relu<ap_fixed<16, 6, 5, 3, 0>, ap_fixed<16, 6, 5, 3, 0>, relu_config9>|  return value|
|ap_return_60  |  out|   15|  ap_ctrl_hs|  relu<ap_fixed<16, 6, 5, 3, 0>, ap_fixed<16, 6, 5, 3, 0>, relu_config9>|  return value|
|ap_return_61  |  out|   15|  ap_ctrl_hs|  relu<ap_fixed<16, 6, 5, 3, 0>, ap_fixed<16, 6, 5, 3, 0>, relu_config9>|  return value|
|ap_return_62  |  out|   15|  ap_ctrl_hs|  relu<ap_fixed<16, 6, 5, 3, 0>, ap_fixed<16, 6, 5, 3, 0>, relu_config9>|  return value|
|ap_return_63  |  out|   15|  ap_ctrl_hs|  relu<ap_fixed<16, 6, 5, 3, 0>, ap_fixed<16, 6, 5, 3, 0>, relu_config9>|  return value|
|p_read        |   in|   16|     ap_none|                                                                  p_read|        scalar|
|p_read1       |   in|   16|     ap_none|                                                                 p_read1|        scalar|
|p_read2       |   in|   16|     ap_none|                                                                 p_read2|        scalar|
|p_read3       |   in|   16|     ap_none|                                                                 p_read3|        scalar|
|p_read4       |   in|   16|     ap_none|                                                                 p_read4|        scalar|
|p_read5       |   in|   16|     ap_none|                                                                 p_read5|        scalar|
|p_read6       |   in|   16|     ap_none|                                                                 p_read6|        scalar|
|p_read7       |   in|   16|     ap_none|                                                                 p_read7|        scalar|
|p_read8       |   in|   16|     ap_none|                                                                 p_read8|        scalar|
|p_read9       |   in|   16|     ap_none|                                                                 p_read9|        scalar|
|p_read10      |   in|   16|     ap_none|                                                                p_read10|        scalar|
|p_read11      |   in|   16|     ap_none|                                                                p_read11|        scalar|
|p_read12      |   in|   16|     ap_none|                                                                p_read12|        scalar|
|p_read13      |   in|   16|     ap_none|                                                                p_read13|        scalar|
|p_read14      |   in|   16|     ap_none|                                                                p_read14|        scalar|
|p_read15      |   in|   16|     ap_none|                                                                p_read15|        scalar|
|p_read16      |   in|   16|     ap_none|                                                                p_read16|        scalar|
|p_read17      |   in|   16|     ap_none|                                                                p_read17|        scalar|
|p_read18      |   in|   16|     ap_none|                                                                p_read18|        scalar|
|p_read19      |   in|   16|     ap_none|                                                                p_read19|        scalar|
|p_read20      |   in|   16|     ap_none|                                                                p_read20|        scalar|
|p_read21      |   in|   16|     ap_none|                                                                p_read21|        scalar|
|p_read22      |   in|   16|     ap_none|                                                                p_read22|        scalar|
|p_read23      |   in|   16|     ap_none|                                                                p_read23|        scalar|
|p_read24      |   in|   16|     ap_none|                                                                p_read24|        scalar|
|p_read25      |   in|   16|     ap_none|                                                                p_read25|        scalar|
|p_read26      |   in|   16|     ap_none|                                                                p_read26|        scalar|
|p_read27      |   in|   16|     ap_none|                                                                p_read27|        scalar|
|p_read28      |   in|   16|     ap_none|                                                                p_read28|        scalar|
|p_read29      |   in|   16|     ap_none|                                                                p_read29|        scalar|
|p_read30      |   in|   16|     ap_none|                                                                p_read30|        scalar|
|p_read31      |   in|   16|     ap_none|                                                                p_read31|        scalar|
|p_read32      |   in|   16|     ap_none|                                                                p_read32|        scalar|
|p_read33      |   in|   16|     ap_none|                                                                p_read33|        scalar|
|p_read34      |   in|   16|     ap_none|                                                                p_read34|        scalar|
|p_read35      |   in|   16|     ap_none|                                                                p_read35|        scalar|
|p_read36      |   in|   16|     ap_none|                                                                p_read36|        scalar|
|p_read37      |   in|   16|     ap_none|                                                                p_read37|        scalar|
|p_read38      |   in|   16|     ap_none|                                                                p_read38|        scalar|
|p_read39      |   in|   16|     ap_none|                                                                p_read39|        scalar|
|p_read40      |   in|   16|     ap_none|                                                                p_read40|        scalar|
|p_read41      |   in|   16|     ap_none|                                                                p_read41|        scalar|
|p_read42      |   in|   16|     ap_none|                                                                p_read42|        scalar|
|p_read43      |   in|   16|     ap_none|                                                                p_read43|        scalar|
|p_read44      |   in|   16|     ap_none|                                                                p_read44|        scalar|
|p_read45      |   in|   16|     ap_none|                                                                p_read45|        scalar|
|p_read46      |   in|   16|     ap_none|                                                                p_read46|        scalar|
|p_read47      |   in|   16|     ap_none|                                                                p_read47|        scalar|
|p_read48      |   in|   16|     ap_none|                                                                p_read48|        scalar|
|p_read49      |   in|   16|     ap_none|                                                                p_read49|        scalar|
|p_read50      |   in|   16|     ap_none|                                                                p_read50|        scalar|
|p_read51      |   in|   16|     ap_none|                                                                p_read51|        scalar|
|p_read52      |   in|   16|     ap_none|                                                                p_read52|        scalar|
|p_read53      |   in|   16|     ap_none|                                                                p_read53|        scalar|
|p_read54      |   in|   16|     ap_none|                                                                p_read54|        scalar|
|p_read55      |   in|   16|     ap_none|                                                                p_read55|        scalar|
|p_read56      |   in|   16|     ap_none|                                                                p_read56|        scalar|
|p_read57      |   in|   16|     ap_none|                                                                p_read57|        scalar|
|p_read58      |   in|   16|     ap_none|                                                                p_read58|        scalar|
|p_read59      |   in|   16|     ap_none|                                                                p_read59|        scalar|
|p_read60      |   in|   16|     ap_none|                                                                p_read60|        scalar|
|p_read61      |   in|   16|     ap_none|                                                                p_read61|        scalar|
|p_read62      |   in|   16|     ap_none|                                                                p_read62|        scalar|
|p_read63      |   in|   16|     ap_none|                                                                p_read63|        scalar|
+--------------+-----+-----+------------+------------------------------------------------------------------------+--------------+

