

================================================================
== Vitis HLS Report for 'softmax_stable_ap_fixed_ap_fixed_16_6_5_3_0_softmax_config11_s'
================================================================
* Date:           Fri Mar 27 01:14:58 2026

* Version:        2025.2 (Build 6295257 on Nov 14 2025)
* Project:        myproject
* Solution:       hls (Vivado IP Flow Target)
* Product family: virtexuplus
* Target device:  xcvu19p-fsva3824-2-e


================================================================
== Performance Estimates
================================================================
+ Timing: 
    * Summary: 
    +--------+----------+----------+------------+
    |  Clock |  Target  | Estimated| Uncertainty|
    +--------+----------+----------+------------+
    |ap_clk  |  10.00 ns|  6.283 ns|     2.70 ns|
    +--------+----------+----------+------------+

+ Latency: 
    * Summary: 
    +---------+---------+-----------+-----------+-----+-----+---------+
    |  Latency (cycles) |   Latency (absolute)  |  Interval | Pipeline|
    |   min   |   max   |    min    |    max    | min | max |   Type  |
    +---------+---------+-----------+-----------+-----+-----+---------+
    |        3|        3|  30.000 ns|  30.000 ns|    1|    1|      yes|
    +---------+---------+-----------+-----------+-----+-----+---------+

    + Detail: 
        * Instance: 
        N/A

        * Loop: 
        N/A



================================================================
== Utilization Estimates
================================================================
* Summary: 
+---------------------+---------+------+---------+---------+-----+
|         Name        | BRAM_18K|  DSP |    FF   |   LUT   | URAM|
+---------------------+---------+------+---------+---------+-----+
|DSP                  |        -|     -|        -|        -|    -|
|Expression           |        -|     -|        0|      749|    -|
|FIFO                 |        -|     -|        -|        -|    -|
|Instance             |        -|    10|        0|       50|    -|
|Memory               |        7|     -|        0|        0|    -|
|Multiplexer          |        -|     -|        0|       99|    -|
|Register             |        -|     -|      375|        -|    -|
+---------------------+---------+------+---------+---------+-----+
|Total                |        7|    10|      375|      898|    0|
+---------------------+---------+------+---------+---------+-----+
|Available SLR        |     1080|   960|  2042880|  1021440|   80|
+---------------------+---------+------+---------+---------+-----+
|Utilization SLR (%)  |       ~0|     1|       ~0|       ~0|    0|
+---------------------+---------+------+---------+---------+-----+
|Available            |     4320|  3840|  8171520|  4085760|  320|
+---------------------+---------+------+---------+---------+-----+
|Utilization (%)      |       ~0|    ~0|       ~0|       ~0|    0|
+---------------------+---------+------+---------+---------+-----+

+ Detail: 
    * Instance: 
    +----------------------------+---------------------+---------+----+---+----+-----+
    |          Instance          |        Module       | BRAM_18K| DSP| FF| LUT| URAM|
    +----------------------------+---------------------+---------+----+---+----+-----+
    |mul_18s_15ns_30_1_1_U11834  |mul_18s_15ns_30_1_1  |        0|   1|  0|   5|    0|
    |mul_18s_15ns_30_1_1_U11835  |mul_18s_15ns_30_1_1  |        0|   1|  0|   5|    0|
    |mul_18s_15ns_30_1_1_U11836  |mul_18s_15ns_30_1_1  |        0|   1|  0|   5|    0|
    |mul_18s_15ns_30_1_1_U11837  |mul_18s_15ns_30_1_1  |        0|   1|  0|   5|    0|
    |mul_18s_15ns_30_1_1_U11838  |mul_18s_15ns_30_1_1  |        0|   1|  0|   5|    0|
    |mul_18s_15ns_30_1_1_U11839  |mul_18s_15ns_30_1_1  |        0|   1|  0|   5|    0|
    |mul_18s_15ns_30_1_1_U11840  |mul_18s_15ns_30_1_1  |        0|   1|  0|   5|    0|
    |mul_18s_15ns_30_1_1_U11841  |mul_18s_15ns_30_1_1  |        0|   1|  0|   5|    0|
    |mul_18s_15ns_30_1_1_U11842  |mul_18s_15ns_30_1_1  |        0|   1|  0|   5|    0|
    |mul_18s_15ns_30_1_1_U11843  |mul_18s_15ns_30_1_1  |        0|   1|  0|   5|    0|
    +----------------------------+---------------------+---------+----+---+----+-----+
    |Total                       |                     |        0|  10|  0|  50|    0|
    +----------------------------+---------------------+---------+----+---+----+-----+

    * DSP: 
    N/A

    * Memory: 
    +----------------+----------------------------------------------------------------------------------+---------+---+----+-----+------+-----+------+-------------+
    |     Memory     |                                      Module                                      | BRAM_18K| FF| LUT| URAM| Words| Bits| Banks| W*Bits*Banks|
    +----------------+----------------------------------------------------------------------------------+---------+---+----+-----+------+-----+------+-------------+
    |exp_table_U     |softmax_stable_ap_fixed_ap_fixed_16_6_5_3_0_softmax_config11_s_exp_table_ROM_g8j  |        5|  0|   0|    0|  1024|   11|     1|        11264|
    |invert_table_U  |softmax_stable_ap_fixed_ap_fixed_16_6_5_3_0_softmax_config11_s_invert_table_Rhbi  |        2|  0|   0|    0|  1024|   18|     1|        18432|
    +----------------+----------------------------------------------------------------------------------+---------+---+----+-----+------+-----+------+-------------+
    |Total           |                                                                                  |        7|  0|   0|    0|  2048|   29|     2|        29696|
    +----------------+----------------------------------------------------------------------------------+---------+---+----+-----+------+-----+------+-------------+

    * FIFO: 
    N/A

    * Expression: 
    +---------------------------+----------+----+---+----+------------+------------+
    |       Variable Name       | Operation| DSP| FF| LUT| Bitwidth P0| Bitwidth P1|
    +---------------------------+----------+----+---+----+------------+------------+
    |a_7_fu_898_p2              |         +|   0|  0|  16|          16|          16|
    |add_ln51_2_fu_908_p2       |         +|   0|  0|  17|          17|          17|
    |add_ln51_3_fu_914_p2       |         +|   0|  0|  16|          16|          16|
    |add_ln51_4_fu_920_p2       |         +|   0|  0|  16|          16|          16|
    |add_ln51_6_fu_940_p2       |         +|   0|  0|  18|          18|          18|
    |add_ln51_7_fu_946_p2       |         +|   0|  0|  23|          16|          16|
    |add_ln51_8_fu_956_p2       |         +|   0|  0|  18|          18|          18|
    |add_ln51_fu_892_p2         |         +|   0|  0|  16|          16|          16|
    |b_7_fu_930_p2              |         +|   0|  0|  17|          17|          17|
    |d_xi_xmax_10_fu_546_p2     |         -|   0|  0|  22|          15|          15|
    |d_xi_xmax_11_fu_556_p2     |         -|   0|  0|  22|          15|          15|
    |d_xi_xmax_12_fu_566_p2     |         -|   0|  0|  22|          15|          15|
    |d_xi_xmax_13_fu_576_p2     |         -|   0|  0|  22|          15|          15|
    |d_xi_xmax_14_fu_586_p2     |         -|   0|  0|  22|          15|          15|
    |d_xi_xmax_15_fu_596_p2     |         -|   0|  0|  22|          15|          15|
    |d_xi_xmax_16_fu_606_p2     |         -|   0|  0|  22|          15|          15|
    |d_xi_xmax_17_fu_616_p2     |         -|   0|  0|  22|          15|          15|
    |d_xi_xmax_18_fu_626_p2     |         -|   0|  0|  22|          15|          15|
    |d_xi_xmax_fu_536_p2        |         -|   0|  0|  22|          15|          15|
    |icmp_ln66_1_fu_364_p2      |      icmp|   0|  0|  23|          16|          16|
    |icmp_ln66_2_fu_384_p2      |      icmp|   0|  0|  23|          16|          16|
    |icmp_ln66_3_fu_404_p2      |      icmp|   0|  0|  23|          16|          16|
    |icmp_ln66_4_fu_424_p2      |      icmp|   0|  0|  23|          16|          16|
    |icmp_ln66_5_fu_444_p2      |      icmp|   0|  0|  23|          16|          16|
    |icmp_ln66_6_fu_464_p2      |      icmp|   0|  0|  23|          16|          16|
    |icmp_ln66_7_fu_484_p2      |      icmp|   0|  0|  23|          16|          16|
    |icmp_ln66_8_fu_504_p2      |      icmp|   0|  0|  23|          16|          16|
    |icmp_ln66_fu_344_p2        |      icmp|   0|  0|  23|          16|          16|
    |ap_block_pp0_stage0_01001  |        or|   0|  0|   2|           1|           1|
    |a_1_fu_476_p3              |    select|   0|  0|  16|           1|          16|
    |b_1_fu_496_p3              |    select|   0|  0|  16|           1|          16|
    |select_ln66_1_fu_376_p3    |    select|   0|  0|  16|           1|          16|
    |select_ln66_2_fu_396_p3    |    select|   0|  0|  16|           1|          16|
    |select_ln66_3_fu_416_p3    |    select|   0|  0|  16|           1|          16|
    |select_ln66_4_fu_436_p3    |    select|   0|  0|  16|           1|          16|
    |select_ln66_5_fu_456_p3    |    select|   0|  0|  16|           1|          16|
    |select_ln66_8_fu_524_p3    |    select|   0|  0|  15|           1|          15|
    |select_ln66_fu_356_p3      |    select|   0|  0|  16|           1|          16|
    |ap_enable_pp0              |       xor|   0|  0|   2|           1|           2|
    |xor_ln66_1_fu_370_p2       |       xor|   0|  0|   2|           1|           2|
    |xor_ln66_2_fu_390_p2       |       xor|   0|  0|   2|           1|           2|
    |xor_ln66_3_fu_410_p2       |       xor|   0|  0|   2|           1|           2|
    |xor_ln66_4_fu_430_p2       |       xor|   0|  0|   2|           1|           2|
    |xor_ln66_5_fu_450_p2       |       xor|   0|  0|   2|           1|           2|
    |xor_ln66_6_fu_470_p2       |       xor|   0|  0|   2|           1|           2|
    |xor_ln66_7_fu_490_p2       |       xor|   0|  0|   2|           1|           2|
    |xor_ln66_8_fu_510_p2       |       xor|   0|  0|   2|           1|           2|
    |xor_ln66_fu_350_p2         |       xor|   0|  0|   2|           1|           2|
    +---------------------------+----------+----+---+----+------------+------------+
    |Total                      |          |   0|  0| 749|         464|         608|
    +---------------------------+----------+----+---+----+------------+------------+

    * Multiplexer: 
    +---------------+----+-----------+-----+-----------+
    |      Name     | LUT| Input Size| Bits| Total Bits|
    +---------------+----+-----------+-----+-----------+
    |ap_done        |   9|          2|    1|          2|
    |layer11_out_0  |   9|          2|   16|         32|
    |layer11_out_1  |   9|          2|   16|         32|
    |layer11_out_2  |   9|          2|   16|         32|
    |layer11_out_3  |   9|          2|   16|         32|
    |layer11_out_4  |   9|          2|   16|         32|
    |layer11_out_5  |   9|          2|   16|         32|
    |layer11_out_6  |   9|          2|   16|         32|
    |layer11_out_7  |   9|          2|   16|         32|
    |layer11_out_8  |   9|          2|   16|         32|
    |layer11_out_9  |   9|          2|   16|         32|
    +---------------+----+-----------+-----+-----------+
    |Total          |  99|         22|  161|        322|
    +---------------+----+-----------+-----+-----------+

    * Register: 
    +-------------------------+----+----+-----+-----------+
    |           Name          | FF | LUT| Bits| Const Bits|
    +-------------------------+----+----+-----+-----------+
    |a_2_reg_1291             |  11|   0|   15|          4|
    |a_4_reg_1301             |  11|   0|   15|          4|
    |a_5_reg_1311             |  11|   0|   15|          4|
    |a_6_reg_1321             |  11|   0|   15|          4|
    |a_reg_1281               |  11|   0|   15|          4|
    |ap_CS_fsm                |   1|   0|    1|          0|
    |ap_done_reg              |   1|   0|    1|          0|
    |ap_enable_reg_pp0_iter1  |   1|   0|    1|          0|
    |ap_enable_reg_pp0_iter2  |   1|   0|    1|          0|
    |ap_enable_reg_pp0_iter3  |   1|   0|    1|          0|
    |b_2_reg_1296             |  11|   0|   15|          4|
    |b_3_reg_1306             |  11|   0|   15|          4|
    |b_4_reg_1316             |  11|   0|   15|          4|
    |b_6_reg_1326             |  11|   0|   15|          4|
    |b_reg_1286               |  11|   0|   15|          4|
    |layer11_out_0_preg       |  16|   0|   16|          0|
    |layer11_out_1_preg       |  16|   0|   16|          0|
    |layer11_out_2_preg       |  16|   0|   16|          0|
    |layer11_out_3_preg       |  16|   0|   16|          0|
    |layer11_out_4_preg       |  16|   0|   16|          0|
    |layer11_out_5_preg       |  16|   0|   16|          0|
    |layer11_out_6_preg       |  16|   0|   16|          0|
    |layer11_out_7_preg       |  16|   0|   16|          0|
    |layer11_out_8_preg       |  16|   0|   16|          0|
    |layer11_out_9_preg       |  16|   0|   16|          0|
    |tmp_1_reg_1211           |  10|   0|   10|          0|
    |tmp_2_reg_1186           |  10|   0|   10|          0|
    |tmp_3_reg_1216           |  10|   0|   10|          0|
    |tmp_4_reg_1191           |  10|   0|   10|          0|
    |tmp_5_reg_1221           |  10|   0|   10|          0|
    |tmp_6_reg_1196           |  10|   0|   10|          0|
    |tmp_7_reg_1226           |  10|   0|   10|          0|
    |tmp_8_reg_1201           |  10|   0|   10|          0|
    |tmp_reg_1181             |  10|   0|   10|          0|
    |tmp_s_reg_1206           |  10|   0|   10|          0|
    +-------------------------+----+----+-----+-----------+
    |Total                    | 375|   0|  415|         40|
    +-------------------------+----+----+-----+-----------+



================================================================
== Interface
================================================================
* Summary: 
+----------------------+-----+-----+------------+----------------------------------------------------------------+--------------+
|       RTL Ports      | Dir | Bits|  Protocol  |                          Source Object                         |    C Type    |
+----------------------+-----+-----+------------+----------------------------------------------------------------+--------------+
|ap_clk                |   in|    1|  ap_ctrl_hs|  softmax_stable<ap_fixed,ap_fixed<16,6,5,3,0>,softmax_config11>|  return value|
|ap_rst                |   in|    1|  ap_ctrl_hs|  softmax_stable<ap_fixed,ap_fixed<16,6,5,3,0>,softmax_config11>|  return value|
|ap_start              |   in|    1|  ap_ctrl_hs|  softmax_stable<ap_fixed,ap_fixed<16,6,5,3,0>,softmax_config11>|  return value|
|ap_done               |  out|    1|  ap_ctrl_hs|  softmax_stable<ap_fixed,ap_fixed<16,6,5,3,0>,softmax_config11>|  return value|
|ap_continue           |   in|    1|  ap_ctrl_hs|  softmax_stable<ap_fixed,ap_fixed<16,6,5,3,0>,softmax_config11>|  return value|
|ap_idle               |  out|    1|  ap_ctrl_hs|  softmax_stable<ap_fixed,ap_fixed<16,6,5,3,0>,softmax_config11>|  return value|
|ap_ready              |  out|    1|  ap_ctrl_hs|  softmax_stable<ap_fixed,ap_fixed<16,6,5,3,0>,softmax_config11>|  return value|
|p_read                |   in|   16|     ap_none|                                                          p_read|        scalar|
|p_read1               |   in|   16|     ap_none|                                                         p_read1|        scalar|
|p_read2               |   in|   16|     ap_none|                                                         p_read2|        scalar|
|p_read3               |   in|   16|     ap_none|                                                         p_read3|        scalar|
|p_read4               |   in|   16|     ap_none|                                                         p_read4|        scalar|
|p_read5               |   in|   16|     ap_none|                                                         p_read5|        scalar|
|p_read6               |   in|   16|     ap_none|                                                         p_read6|        scalar|
|p_read7               |   in|   16|     ap_none|                                                         p_read7|        scalar|
|p_read8               |   in|   16|     ap_none|                                                         p_read8|        scalar|
|p_read9               |   in|   16|     ap_none|                                                         p_read9|        scalar|
|layer11_out_0         |  out|   16|      ap_vld|                                                   layer11_out_0|       pointer|
|layer11_out_0_ap_vld  |  out|    1|      ap_vld|                                                   layer11_out_0|       pointer|
|layer11_out_1         |  out|   16|      ap_vld|                                                   layer11_out_1|       pointer|
|layer11_out_1_ap_vld  |  out|    1|      ap_vld|                                                   layer11_out_1|       pointer|
|layer11_out_2         |  out|   16|      ap_vld|                                                   layer11_out_2|       pointer|
|layer11_out_2_ap_vld  |  out|    1|      ap_vld|                                                   layer11_out_2|       pointer|
|layer11_out_3         |  out|   16|      ap_vld|                                                   layer11_out_3|       pointer|
|layer11_out_3_ap_vld  |  out|    1|      ap_vld|                                                   layer11_out_3|       pointer|
|layer11_out_4         |  out|   16|      ap_vld|                                                   layer11_out_4|       pointer|
|layer11_out_4_ap_vld  |  out|    1|      ap_vld|                                                   layer11_out_4|       pointer|
|layer11_out_5         |  out|   16|      ap_vld|                                                   layer11_out_5|       pointer|
|layer11_out_5_ap_vld  |  out|    1|      ap_vld|                                                   layer11_out_5|       pointer|
|layer11_out_6         |  out|   16|      ap_vld|                                                   layer11_out_6|       pointer|
|layer11_out_6_ap_vld  |  out|    1|      ap_vld|                                                   layer11_out_6|       pointer|
|layer11_out_7         |  out|   16|      ap_vld|                                                   layer11_out_7|       pointer|
|layer11_out_7_ap_vld  |  out|    1|      ap_vld|                                                   layer11_out_7|       pointer|
|layer11_out_8         |  out|   16|      ap_vld|                                                   layer11_out_8|       pointer|
|layer11_out_8_ap_vld  |  out|    1|      ap_vld|                                                   layer11_out_8|       pointer|
|layer11_out_9         |  out|   16|      ap_vld|                                                   layer11_out_9|       pointer|
|layer11_out_9_ap_vld  |  out|    1|      ap_vld|                                                   layer11_out_9|       pointer|
+----------------------+-----+-----+------------+----------------------------------------------------------------+--------------+

